#
# A fatal error has been detected by the Java Runtime Environment:
#
#  EXCEPTION_ACCESS_VIOLATION (0xc0000005) at pc=0x000000006e189f79, pid=15048, tid=24252
#
# JRE version: Java(TM) SE Runtime Environment (7.0_80-b15) (build 1.7.0_80-b15)
# Java VM: Java HotSpot(TM) 64-Bit Server VM (24.80-b11 mixed mode windows-amd64 compressed oops)
# Problematic frame:
# V  [jvm.dll+0x199f79]
#
# Failed to write core dump. Minidumps are not enabled by default on client versions of Windows
#
# If you would like to submit a bug report, please visit:
#   http://bugreport.java.com/bugreport/crash.jsp
#

---------------  T H R E A D  ---------------

Current thread (0x000000000e765800):  JavaThread "JDWP Transport Listener: dt_socket" daemon [_thread_in_vm, id=24252, stack(0x000000000f4d0000,0x000000000f5d0000)]

siginfo: ExceptionCode=0xc0000005, reading address 0x0000000000000000

Registers:
RAX=0x0000000000000000, RBX=0x0000000013730288, RCX=0x0000000000000000, RDX=0x0000000000000000
RSP=0x000000000f5cf200, RBP=0x000000000f5cf269, RSI=0x0000000000000000, RDI=0x0000000013730290
R8 =0x0000000741037980, R9 =0x0000000055600000, R10=0x0000000000000000, R11=0x0000000000000000
R12=0x000000000e765800, R13=0x000000000f5cf6e0, R14=0x000000000e765800, R15=0x000000000f5cf6e0
RIP=0x000000006e189f79, EFLAGS=0x0000000000010246

Top of Stack: (sp=0x000000000f5cf200)
0x000000000f5cf200:   0000000013730288 000000000f5cf269
0x000000000f5cf210:   0000000000000000 0000000000000000
0x000000000f5cf220:   ffffffffffff0101 0000000013730250
0x000000000f5cf230:   0000000000000000 0000000012cac6f0
0x000000000f5cf240:   00000007411f6eb8 000000006e09715d
0x000000000f5cf250:   0000000013730158 0000000013730200
0x000000000f5cf260:   0000000013730200 0000000000000064
0x000000000f5cf270:   000000000d21ff40 000000000d21b680
0x000000000f5cf280:   000000000f5cf370 000000000f5cf6e0
0x000000000f5cf290:   000000000f5cf6e0 000000000e765800
0x000000000f5cf2a0:   000000000d21ff40 000000000d21b680
0x000000000f5cf2b0:   0000000000000000 000000000e764bb0
0x000000000f5cf2c0:   000000000f5cf379 000000006e18a905
0x000000000f5cf2d0:   0000000000000506 0000000000000000
0x000000000f5cf2e0:   0000000013730250 000000000e765800
0x000000000f5cf2f0:   0000000000000000 0000000000000000 

Instructions: (pc=0x000000006e189f79)
0x000000006e189f59:   85 c0 75 05 48 8b c6 eb 10 49 8b 8c 24 20 01 00
0x000000006e189f69:   00 48 8b d0 e8 ee ad e6 ff 48 89 45 c7 4c 8b 03
0x000000006e189f79:   48 8b 08 41 8b 50 3c 85 d2 75 09 41 8b 40 34 89
0x000000006e189f89:   41 3c eb 03 89 51 3c 4d 8b a4 24 18 01 00 00 33 


Register to memory mapping:

RAX=0x0000000000000000 is an unknown value
RBX=0x0000000013730288 is an unknown value
RCX=0x0000000000000000 is an unknown value
RDX=0x0000000000000000 is an unknown value
RSP=0x000000000f5cf200 is pointing into the stack for thread: 0x000000000e765800
RBP=0x000000000f5cf269 is pointing into the stack for thread: 0x000000000e765800
RSI=0x0000000000000000 is an unknown value
RDI=0x0000000013730290 is an unknown value
R8 =0x0000000741037980 is an oop

[error occurred during error reporting (printing register info), id 0xe0000000]

Stack: [0x000000000f4d0000,0x000000000f5d0000],  sp=0x000000000f5cf200,  free space=1020k
Native frames: (J=compiled Java code, j=interpreted, Vv=VM code, C=native code)
V  [jvm.dll+0x199f79]


---------------  P R O C E S S  ---------------

Java Threads: ( => current thread )
  0x00000000166f3800 JavaThread "File Watcher" daemon [_thread_in_native, id=22868, stack(0x000000000e360000,0x000000000e460000)]
  0x00000000166f8000 JavaThread "Thread-54" [_thread_blocked, id=8308, stack(0x0000000019a40000,0x0000000019b40000)]
  0x00000000131f7000 JavaThread "DestroyJavaVM" [_thread_blocked, id=20200, stack(0x0000000002710000,0x0000000002810000)]
  0x0000000015e03000 JavaThread "Live Reload Server" daemon [_thread_in_native, id=20264, stack(0x0000000017760000,0x0000000017860000)]
  0x0000000015e00000 JavaThread "RxIoScheduler-1 (Evictor)" daemon [_thread_blocked, id=24488, stack(0x0000000017ae0000,0x0000000017be0000)]
  0x0000000012028800 JavaThread "Abandoned connection cleanup thread" daemon [_thread_blocked, id=13020, stack(0x0000000014e80000,0x0000000014f80000)]
  0x000000000e78b000 JavaThread "Service Thread" daemon [_thread_blocked, id=23764, stack(0x000000000f8e0000,0x000000000f9e0000)]
  0x000000000e780000 JavaThread "C2 CompilerThread1" daemon [_thread_blocked, id=13304, stack(0x000000000f1f0000,0x000000000f2f0000)]
  0x000000000e77d800 JavaThread "C2 CompilerThread0" daemon [_thread_blocked, id=10068, stack(0x000000000f720000,0x000000000f820000)]
  0x000000000e76d800 JavaThread "JDWP Command Reader" daemon [_thread_in_native, id=4396, stack(0x000000000f600000,0x000000000f700000)]
  0x000000000e76a800 JavaThread "JDWP Event Helper Thread" daemon [_thread_blocked, id=9084, stack(0x000000000eff0000,0x000000000f0f0000)]
=>0x000000000e765800 JavaThread "JDWP Transport Listener: dt_socket" daemon [_thread_in_vm, id=24252, stack(0x000000000f4d0000,0x000000000f5d0000)]
  0x000000000e753000 JavaThread "Attach Listener" daemon [_thread_blocked, id=15460, stack(0x000000000ed30000,0x000000000ee30000)]
  0x000000000e752800 JavaThread "Signal Dispatcher" daemon [_thread_blocked, id=23364, stack(0x000000000eb90000,0x000000000ec90000)]
  0x000000000d1bb800 JavaThread "Finalizer" daemon [_thread_blocked, id=23292, stack(0x000000000e640000,0x000000000e740000)]
  0x000000000d1b4800 JavaThread "Reference Handler" daemon [_thread_blocked, id=12220, stack(0x000000000e4d0000,0x000000000e5d0000)]

Other Threads:
  0x000000000d1b1000 VMThread [stack: 0x000000000e250000,0x000000000e350000] [id=14116]
  0x000000000e7de000 WatcherThread [stack: 0x000000000faa0000,0x000000000fba0000] [id=15332]

VM state:not at safepoint (normal execution)

VM Mutex/Monitor currently owned by a thread: None

Heap
 PSYoungGen      total 759296K, used 5023K [0x00000007c0600000, 0x00000007f0f00000, 0x0000000800000000)
  eden space 723968K, 0% used [0x00000007c0600000,0x00000007c0ae7d08,0x00000007ec900000)
  from space 35328K, 0% used [0x00000007ec900000,0x00000007ec900000,0x00000007eeb80000)
  to   space 33792K, 0% used [0x00000007eee00000,0x00000007eee00000,0x00000007f0f00000)
 ParOldGen       total 2084864K, used 98007K [0x0000000741200000, 0x00000007c0600000, 0x00000007c0600000)
  object space 2084864K, 4% used [0x0000000741200000,0x00000007471b5ee8,0x00000007c0600000)
 PSPermGen       total 83968K, used 83965K [0x000000073c000000, 0x0000000741200000, 0x0000000741200000)
  object space 83968K, 99% used [0x000000073c000000,0x00000007411ff520,0x0000000741200000)

Card table byte_map: [0x0000000005810000,0x0000000005e40000] byte_map_base: 0x0000000001e30000

Polling page: 0x0000000000320000

Code Cache  [0x0000000002810000, 0x0000000003390000, 0x0000000005810000)
 total_blobs=3105 nmethods=2354 adapters=709 free_code_cache=37566Kb largest_free_block=38323392

Compilation events (10 events):
Event: 423.547 Thread 0x000000000e77d800 nmethod 2803 0x0000000003337690 code [0x0000000003337800, 0x0000000003337d38]
Event: 423.580 Thread 0x000000000e77d800 2804             org.springframework.beans.factory.config.ConstructorArgumentValues::<init> (33 bytes)
Event: 423.587 Thread 0x000000000e77d800 nmethod 2804 0x0000000003236d90 code [0x0000000003236f00, 0x0000000003237168]
Event: 423.597 Thread 0x000000000e780000 nmethod 2801 0x000000000337b850 code [0x000000000337bbe0, 0x0000000003380308]
Event: 423.610 Thread 0x000000000e77d800 2805             org.springframework.beans.factory.support.AbstractBeanDefinition::getDependencyCheck (5 bytes)
Event: 423.610 Thread 0x000000000e77d800 nmethod 2805 0x000000000332f690 code [0x000000000332f7c0, 0x000000000332f818]
Event: 423.637 Thread 0x000000000e780000 2806             org.aspectj.weaver.ResolvedType::parameterize (227 bytes)
Event: 423.668 Thread 0x000000000e780000 nmethod 2806 0x0000000003360110 code [0x0000000003360420, 0x0000000003361fa0]
Event: 423.900 Thread 0x000000000e77d800 2807             java.lang.ThreadLocal$ThreadLocalMap::cleanSomeSlots (60 bytes)
Event: 423.902 Thread 0x000000000e77d800 nmethod 2807 0x0000000002c3c450 code [0x0000000002c3c5a0, 0x0000000002c3c728]

GC Heap History (10 events):
Event: 446.553 GC heap before
{Heap before GC invocations=44 (full 15):
 PSYoungGen      total 757248K, used 0K [0x00000007c0600000, 0x00000007f1200000, 0x0000000800000000)
  eden space 718848K, 0% used [0x00000007c0600000,0x00000007c0600000,0x00000007ec400000)
  from space 38400K, 0% used [0x00000007ec400000,0x00000007ec400000,0x00000007ee980000)
  to   space 36864K, 0% used [0x00000007eee00000,0x00000007eee00000,0x00000007f1200000)
 ParOldGen       total 1693184K, used 98882K [0x0000000741200000, 0x00000007a8780000, 0x00000007c0600000)
  object space 1693184K, 5% used [0x0000000741200000,0x00000007472908d8,0x00000007a8780000)
 PSPermGen       total 83968K, used 83967K [0x000000073c000000, 0x0000000741200000, 0x0000000741200000)
  object space 83968K, 99% used [0x000000073c000000,0x00000007411ffe10,0x0000000741200000)
Event: 446.912 GC heap after
Heap after GC invocations=44 (full 15):
 PSYoungGen      total 757248K, used 0K [0x00000007c0600000, 0x00000007f1200000, 0x0000000800000000)
  eden space 718848K, 0% used [0x00000007c0600000,0x00000007c0600000,0x00000007ec400000)
  from space 38400K, 0% used [0x00000007ec400000,0x00000007ec400000,0x00000007ee980000)
  to   space 36864K, 0% used [0x00000007eee00000,0x00000007eee00000,0x00000007f1200000)
 ParOldGen       total 2080768K, used 98830K [0x0000000741200000, 0x00000007c0200000, 0x00000007c0600000)
  object space 2080768K, 4% used [0x0000000741200000,0x00000007472839f8,0x00000007c0200000)
 PSPermGen       total 83968K, used 83964K [0x000000073c000000, 0x0000000741200000, 0x0000000741200000)
  object space 83968K, 99% used [0x000000073c000000,0x00000007411ff230,0x0000000741200000)
}
Event: 446.913 GC heap before
{Heap before GC invocations=45 (full 15):
 PSYoungGen      total 757248K, used 12488K [0x00000007c0600000, 0x00000007f1200000, 0x0000000800000000)
  eden space 718848K, 1% used [0x00000007c0600000,0x00000007c12321a8,0x00000007ec400000)
  from space 38400K, 0% used [0x00000007ec400000,0x00000007ec400000,0x00000007ee980000)
  to   space 36864K, 0% used [0x00000007eee00000,0x00000007eee00000,0x00000007f1200000)
 ParOldGen       total 2080768K, used 98830K [0x0000000741200000, 0x00000007c0200000, 0x00000007c0600000)
  object space 2080768K, 4% used [0x0000000741200000,0x00000007472839f8,0x00000007c0200000)
 PSPermGen       total 83968K, used 83965K [0x000000073c000000, 0x0000000741200000, 0x0000000741200000)
  object space 83968K, 99% used [0x000000073c000000,0x00000007411ff520,0x0000000741200000)
Event: 446.916 GC heap after
Heap after GC invocations=45 (full 15):
 PSYoungGen      total 756736K, used 64K [0x00000007c0600000, 0x00000007f0e00000, 0x0000000800000000)
  eden space 723968K, 0% used [0x00000007c0600000,0x00000007c0600000,0x00000007ec900000)
  from space 32768K, 0% used [0x00000007eee00000,0x00000007eee10000,0x00000007f0e00000)
  to   space 35328K, 0% used [0x00000007ec900000,0x00000007ec900000,0x00000007eeb80000)
 ParOldGen       total 2080768K, used 98830K [0x0000000741200000, 0x00000007c0200000, 0x00000007c0600000)
  object space 2080768K, 4% used [0x0000000741200000,0x00000007472839f8,0x00000007c0200000)
 PSPermGen       total 83968K, used 83965K [0x000000073c000000, 0x0000000741200000, 0x0000000741200000)
  object space 83968K, 99% used [0x000000073c000000,0x00000007411ff520,0x0000000741200000)
}
Event: 446.916 GC heap before
{Heap before GC invocations=46 (full 16):
 PSYoungGen      total 756736K, used 64K [0x00000007c0600000, 0x00000007f0e00000, 0x0000000800000000)
  eden space 723968K, 0% used [0x00000007c0600000,0x00000007c0600000,0x00000007ec900000)
  from space 32768K, 0% used [0x00000007eee00000,0x00000007eee10000,0x00000007f0e00000)
  to   space 35328K, 0% used [0x00000007ec900000,0x00000007ec900000,0x00000007eeb80000)
 ParOldGen       total 2080768K, used 98830K [0x0000000741200000, 0x00000007c0200000, 0x00000007c0600000)
  object space 2080768K, 4% used [0x0000000741200000,0x00000007472839f8,0x00000007c0200000)
 PSPermGen       total 83968K, used 83965K [0x000000073c000000, 0x0000000741200000, 0x0000000741200000)
  object space 83968K, 99% used [0x000000073c000000,0x00000007411ff520,0x0000000741200000)
Event: 447.066 GC heap after
Heap after GC invocations=46 (full 16):
 PSYoungGen      total 756736K, used 0K [0x00000007c0600000, 0x00000007f0e00000, 0x0000000800000000)
  eden space 723968K, 0% used [0x00000007c0600000,0x00000007c0600000,0x00000007ec900000)
  from space 32768K, 0% used [0x00000007eee00000,0x00000007eee00000,0x00000007f0e00000)
  to   space 35328K, 0% used [0x00000007ec900000,0x00000007ec900000,0x00000007eeb80000)
 ParOldGen       total 2084864K, used 98008K [0x0000000741200000, 0x00000007c0600000, 0x00000007c0600000)
  object space 2084864K, 4% used [0x0000000741200000,0x00000007471b6038,0x00000007c0600000)
 PSPermGen       total 83968K, used 83965K [0x000000073c000000, 0x0000000741200000, 0x0000000741200000)
  object space 83968K, 99% used [0x000000073c000000,0x00000007411ff520,0x0000000741200000)
}
Event: 447.066 GC heap before
{Heap before GC invocations=47 (full 16):
 PSYoungGen      total 756736K, used 0K [0x00000007c0600000, 0x00000007f0e00000, 0x0000000800000000)
  eden space 723968K, 0% used [0x00000007c0600000,0x00000007c0600000,0x00000007ec900000)
  from space 32768K, 0% used [0x00000007eee00000,0x00000007eee00000,0x00000007f0e00000)
  to   space 35328K, 0% used [0x00000007ec900000,0x00000007ec900000,0x00000007eeb80000)
 ParOldGen       total 2084864K, used 98008K [0x0000000741200000, 0x00000007c0600000, 0x00000007c0600000)
  object space 2084864K, 4% used [0x0000000741200000,0x00000007471b6038,0x00000007c0600000)
 PSPermGen       total 83968K, used 83965K [0x000000073c000000, 0x0000000741200000, 0x0000000741200000)
  object space 83968K, 99% used [0x000000073c000000,0x00000007411ff520,0x0000000741200000)
Event: 447.069 GC heap after
Heap after GC invocations=47 (full 16):
 PSYoungGen      total 759296K, used 0K [0x00000007c0600000, 0x00000007f0f00000, 0x0000000800000000)
  eden space 723968K, 0% used [0x00000007c0600000,0x00000007c0600000,0x00000007ec900000)
  from space 35328K, 0% used [0x00000007ec900000,0x00000007ec900000,0x00000007eeb80000)
  to   space 33792K, 0% used [0x00000007eee00000,0x00000007eee00000,0x00000007f0f00000)
 ParOldGen       total 2084864K, used 98008K [0x0000000741200000, 0x00000007c0600000, 0x00000007c0600000)
  object space 2084864K, 4% used [0x0000000741200000,0x00000007471b6038,0x00000007c0600000)
 PSPermGen       total 83968K, used 83965K [0x000000073c000000, 0x0000000741200000, 0x0000000741200000)
  object space 83968K, 99% used [0x000000073c000000,0x00000007411ff520,0x0000000741200000)
}
Event: 447.069 GC heap before
{Heap before GC invocations=48 (full 17):
 PSYoungGen      total 759296K, used 0K [0x00000007c0600000, 0x00000007f0f00000, 0x0000000800000000)
  eden space 723968K, 0% used [0x00000007c0600000,0x00000007c0600000,0x00000007ec900000)
  from space 35328K, 0% used [0x00000007ec900000,0x00000007ec900000,0x00000007eeb80000)
  to   space 33792K, 0% used [0x00000007eee00000,0x00000007eee00000,0x00000007f0f00000)
 ParOldGen       total 2084864K, used 98008K [0x0000000741200000, 0x00000007c0600000, 0x00000007c0600000)
  object space 2084864K, 4% used [0x0000000741200000,0x00000007471b6038,0x00000007c0600000)
 PSPermGen       total 83968K, used 83965K [0x000000073c000000, 0x0000000741200000, 0x0000000741200000)
  object space 83968K, 99% used [0x000000073c000000,0x00000007411ff520,0x0000000741200000)
Event: 447.402 GC heap after
Heap after GC invocations=48 (full 17):
 PSYoungGen      total 759296K, used 0K [0x00000007c0600000, 0x00000007f0f00000, 0x0000000800000000)
  eden space 723968K, 0% used [0x00000007c0600000,0x00000007c0600000,0x00000007ec900000)
  from space 35328K, 0% used [0x00000007ec900000,0x00000007ec900000,0x00000007eeb80000)
  to   space 33792K, 0% used [0x00000007eee00000,0x00000007eee00000,0x00000007f0f00000)
 ParOldGen       total 2084864K, used 98007K [0x0000000741200000, 0x00000007c0600000, 0x00000007c0600000)
  object space 2084864K, 4% used [0x0000000741200000,0x00000007471b5ee8,0x00000007c0600000)
 PSPermGen       total 83968K, used 83965K [0x000000073c000000, 0x0000000741200000, 0x0000000741200000)
  object space 83968K, 99% used [0x000000073c000000,0x00000007411ff520,0x0000000741200000)
}

Deoptimization events (10 events):
Event: 425.367 Thread 0x00000000166f3800 Uncommon trap: reason=unhandled action=none pc=0x000000000299ee28 method=java.net.URLClassLoader$1.run()Ljava/lang/Class; @ 72
Event: 425.367 Thread 0x00000000166f3800 Uncommon trap: reason=unhandled action=none pc=0x000000000299ee28 method=java.net.URLClassLoader$1.run()Ljava/lang/Class; @ 72
Event: 425.367 Thread 0x00000000166f3800 Uncommon trap: reason=unhandled action=none pc=0x000000000299ee28 method=java.net.URLClassLoader$1.run()Ljava/lang/Class; @ 72
Event: 425.367 Thread 0x00000000166f3800 Uncommon trap: reason=unhandled action=none pc=0x000000000299ee28 method=java.net.URLClassLoader$1.run()Ljava/lang/Class; @ 72
Event: 425.367 Thread 0x00000000166f3800 Uncommon trap: reason=unhandled action=none pc=0x000000000299ee28 method=java.net.URLClassLoader$1.run()Ljava/lang/Class; @ 72
Event: 425.367 Thread 0x00000000166f3800 Uncommon trap: reason=unhandled action=none pc=0x000000000299ee28 method=java.net.URLClassLoader$1.run()Ljava/lang/Class; @ 72
Event: 425.368 Thread 0x00000000166f3800 Uncommon trap: reason=unhandled action=none pc=0x000000000299ee28 method=java.net.URLClassLoader$1.run()Ljava/lang/Class; @ 72
Event: 425.369 Thread 0x00000000166f3800 Uncommon trap: reason=unhandled action=none pc=0x000000000299ee28 method=java.net.URLClassLoader$1.run()Ljava/lang/Class; @ 72
Event: 425.369 Thread 0x00000000166f3800 Uncommon trap: reason=class_check action=maybe_recompile pc=0x000000000294d034 method=java.lang.Throwable.<init>(Ljava/lang/Throwable;)V @ 24
Event: 425.369 Thread 0x00000000166f8000 Uncommon trap: reason=unhandled action=none pc=0x000000000299ee28 method=java.net.URLClassLoader$1.run()Ljava/lang/Class; @ 72

Internal exceptions (10 events):
Event: 425.367 Thread 0x00000000166f3800 Threw 0x00000007c0832ad0 at C:\re\jdk7u80\2329\hotspot\src\share\vm\prims\jvm.cpp:1319
Event: 425.367 Thread 0x00000000166f3800 Threw 0x00000007c0833040 at C:\re\jdk7u80\2329\hotspot\src\share\vm\prims\jvm.cpp:1319
Event: 425.367 Thread 0x00000000166f3800 Threw 0x00000007c0841b90 at C:\re\jdk7u80\2329\hotspot\src\share\vm\prims\jvm.cpp:1319
Event: 425.367 Thread 0x00000000166f3800 Threw 0x00000007c08420f0 at C:\re\jdk7u80\2329\hotspot\src\share\vm\prims\jvm.cpp:1319
Event: 425.367 Thread 0x00000000166f3800 Threw 0x00000007c0850c40 at C:\re\jdk7u80\2329\hotspot\src\share\vm\prims\jvm.cpp:1319
Event: 425.368 Thread 0x00000000166f3800 Threw 0x00000007c08efd70 at C:\re\jdk7u80\2329\hotspot\src\share\vm\prims\jvm.cpp:1319
Event: 425.369 Thread 0x00000000166f3800 Threw 0x00000007c0900830 at C:\re\jdk7u80\2329\hotspot\src\share\vm\prims\jvm.cpp:1319
Event: 425.369 Thread 0x00000000166f3800 Threw 0x00000007c0914eb8 at C:\re\jdk7u80\2329\hotspot\src\share\vm\runtime\reflection.cpp:1030
Event: 425.369 Thread 0x00000000166f8000 Threw 0x00000007c1c094d8 at C:\re\jdk7u80\2329\hotspot\src\share\vm\prims\jvm.cpp:1319
Event: 447.402 Thread 0x000000000e765800 Threw 0x000000073c0ad618 at C:\re\jdk7u80\2329\hotspot\src\share\vm\gc_interface/collectedHeap.inline.hpp:225

Events (10 events):
Event: 425.369 Thread 0x00000000166f8000 DEOPT UNPACKING pc=0x00000000028475a4 sp=0x0000000019b3d898 mode 2
Event: 425.369 Thread 0x00000000166f8000 DEOPT PACKING pc=0x0000000002fac6d4 sp=0x0000000019b3e470
Event: 425.369 Thread 0x00000000166f8000 DEOPT UNPACKING pc=0x00000000028492b9 sp=0x0000000019b3e050 mode 1
Event: 425.388 Thread 0x00000000166f3800 Thread added: 0x00000000166f3800
Event: 446.219 Executing VM operation: ParallelGCFailedPermanentAllocation
Event: 446.381 Executing VM operation: ParallelGCFailedPermanentAllocation done
Event: 446.382 Executing VM operation: ParallelGCFailedPermanentAllocation
Event: 446.912 Executing VM operation: ParallelGCFailedPermanentAllocation done
Event: 446.912 Executing VM operation: ParallelGCFailedPermanentAllocation
Event: 447.402 Executing VM operation: ParallelGCFailedPermanentAllocation done


Dynamic libraries:
0x000000013f4a0000 - 0x000000013f4d3000 	C:\Program Files\Java\jdk1.7.0_80\bin\javaw.exe
0x0000000076fc0000 - 0x000000007715f000 	C:\Windows\SYSTEM32\ntdll.dll
0x0000000076da0000 - 0x0000000076ebf000 	C:\Windows\system32\kernel32.dll
0x000007fefcba0000 - 0x000007fefcc0a000 	C:\Windows\system32\KERNELBASE.dll
0x000007fefd6c0000 - 0x000007fefd79b000 	C:\Windows\system32\ADVAPI32.dll
0x000007fefcec0000 - 0x000007fefcf5f000 	C:\Windows\system32\msvcrt.dll
0x000007fefd7a0000 - 0x000007fefd7bf000 	C:\Windows\SYSTEM32\sechost.dll
0x000007feff0e0000 - 0x000007feff20d000 	C:\Windows\system32\RPCRT4.dll
0x0000000076ec0000 - 0x0000000076fba000 	C:\Windows\system32\USER32.dll
0x000007feff240000 - 0x000007feff2a7000 	C:\Windows\system32\GDI32.dll
0x000007fefd7c0000 - 0x000007fefd7ce000 	C:\Windows\system32\LPK.dll
0x000007fefeae0000 - 0x000007fefebab000 	C:\Windows\system32\USP10.dll
0x000007fefb1f0000 - 0x000007fefb3e4000 	C:\Windows\WinSxS\amd64_microsoft.windows.common-controls_6595b64144ccf1df_6.0.7601.18837_none_fa3b1e3d17594757\COMCTL32.dll
0x000007fefd310000 - 0x000007fefd381000 	C:\Windows\system32\SHLWAPI.dll
0x000007feff210000 - 0x000007feff23e000 	C:\Windows\system32\IMM32.DLL
0x000007fefebb0000 - 0x000007fefecb9000 	C:\Windows\system32\MSCTF.dll
0x0000000055600000 - 0x00000000556d2000 	C:\Program Files\Java\jdk1.7.0_80\jre\bin\msvcr100.dll
0x000000006dff0000 - 0x000000006e7c9000 	C:\Program Files\Java\jdk1.7.0_80\jre\bin\server\jvm.dll
0x000007fef86c0000 - 0x000007fef86c9000 	C:\Windows\system32\WSOCK32.dll
0x000007fefd220000 - 0x000007fefd26d000 	C:\Windows\system32\WS2_32.dll
0x000007fefd270000 - 0x000007fefd278000 	C:\Windows\system32\NSI.dll
0x000007fefce80000 - 0x000007fefcebb000 	C:\Windows\system32\WINMM.dll
0x0000000077170000 - 0x0000000077177000 	C:\Windows\system32\PSAPI.DLL
0x0000000073c60000 - 0x0000000073c6f000 	C:\Program Files\Java\jdk1.7.0_80\jre\bin\verify.dll
0x00000000739d0000 - 0x00000000739f8000 	C:\Program Files\Java\jdk1.7.0_80\jre\bin\java.dll
0x000000005ccc0000 - 0x000000005ccf5000 	C:\Program Files\Java\jdk1.7.0_80\jre\bin\jdwp.dll
0x00000000736a0000 - 0x00000000736a8000 	C:\Program Files\Java\jdk1.7.0_80\jre\bin\npt.dll
0x0000000073970000 - 0x0000000073986000 	C:\Program Files\Java\jdk1.7.0_80\jre\bin\zip.dll
0x0000000069040000 - 0x0000000069049000 	C:\Program Files\Java\jdk1.7.0_80\jre\bin\dt_socket.dll
0x000007fefa840000 - 0x000007fefa855000 	C:\Windows\system32\NLAapi.dll
0x000007fef89f0000 - 0x000007fef8a05000 	C:\Windows\system32\napinsp.dll
0x000007fef89d0000 - 0x000007fef89e9000 	C:\Windows\system32\pnrpnsp.dll
0x000007fefc120000 - 0x000007fefc175000 	C:\Windows\System32\mswsock.dll
0x000007fefc010000 - 0x000007fefc06b000 	C:\Windows\system32\DNSAPI.dll
0x000007fef89c0000 - 0x000007fef89cb000 	C:\Windows\System32\winrnr.dll
0x000007fef9dd0000 - 0x000007fef9df7000 	C:\Windows\system32\IPHLPAPI.DLL
0x000007fef9dc0000 - 0x000007fef9dcb000 	C:\Windows\system32\WINNSI.DLL
0x000007fef9ab0000 - 0x000007fef9b03000 	C:\Windows\System32\fwpuclnt.dll
0x000007fef89b0000 - 0x000007fef89b8000 	C:\Windows\system32\rasadhlp.dll
0x000007fefb830000 - 0x000007fefb837000 	C:\Windows\System32\wshtcpip.dll
0x0000000073b30000 - 0x0000000073b4a000 	C:\Program Files\Java\jdk1.7.0_80\jre\bin\net.dll
0x000007fefc3d0000 - 0x000007fefc3d7000 	C:\Windows\System32\wship6.dll
0x0000000073950000 - 0x0000000073961000 	C:\Program Files\Java\jdk1.7.0_80\jre\bin\nio.dll
0x000007fef9a90000 - 0x000007fef9aa1000 	C:\Windows\system32\dhcpcsvc6.DLL
0x000007fef9a70000 - 0x000007fef9a88000 	C:\Windows\system32\dhcpcsvc.DLL
0x0000000073ca0000 - 0x0000000073cab000 	C:\Program Files\Java\jdk1.7.0_80\jre\bin\management.dll
0x000007fefc230000 - 0x000007fefc248000 	C:\Windows\system32\CRYPTSP.dll
0x000007fefbf20000 - 0x000007fefbf67000 	C:\Windows\system32\rsaenh.dll
0x000007fefce60000 - 0x000007fefce7e000 	C:\Windows\system32\USERENV.dll
0x000007fefca70000 - 0x000007fefca7f000 	C:\Windows\system32\profapi.dll
0x000007fefc860000 - 0x000007fefc86f000 	C:\Windows\system32\CRYPTBASE.dll
0x000000006b6d0000 - 0x000000006b6f4000 	C:\Program Files\Java\jdk1.7.0_80\jre\bin\sunec.dll
0x0000000073aa0000 - 0x0000000073aab000 	C:\Program Files\Java\jdk1.7.0_80\jre\bin\sunmscapi.dll
0x000007fefccc0000 - 0x000007fefce2d000 	C:\Windows\system32\CRYPT32.dll
0x000007fefca60000 - 0x000007fefca6f000 	C:\Windows\system32\MSASN1.dll
0x000007fef8520000 - 0x000007fef8645000 	C:\Windows\system32\dbghelp.dll

VM Arguments:
jvm_args: -agentlib:jdwp=transport=dt_socket,suspend=y,address=localhost:17521 -Dfile.encoding=UTF-8 
java_command: com.kiiik.ZuulAuthServiceStarter
Launcher Type: SUN_STANDARD

Environment Variables:
JAVA_HOME=C:\Program Files (x86)\Java\jdk1.8.0_45
JRE_HOME=C:\Program Files (x86)\Java\jdk1.8.0_45\jre
PATH=C:\Program Files\Java\jdk1.7.0_80\jre\bin;C:\Program Files (x86)\Common Files\NetSarang;C:\Windows\system32;C:\Windows;C:\Windows\System32\Wbem;C:\Windows\System32\WindowsPowerShell\v1.0\;C:\Program Files (x86)\Common Files\ThinPrint\;C:\Program Files (x86)\Java\jdk1.8.0_45;D:\chenyb\tools\android-sdk-windows\platform-tools;D:\chenyb\tools\apache-maven-3.0.4\bin;C:\Windows\system32\config\systemprofile\.dnx\bin;C:\Program Files\Microsoft DNX\Dnvm\;C:\Program Files\Microsoft SQL Server\120\Tools\Binn\;C:\Program Files (x86)\Windows Kits\8.1\Windows Performance Toolkit\;C:\Program Files\TortoiseSVN\bin;C:\Program Files\VisualSVN Server\bin;C:\cygwin64\bin;C:\Program Files\TortoiseGit\bin;JAVA_HOME\bin;JAVA_HOME\jre\bin;C:\Program Files\MySQL\MySQL Utilities 1.6\;C:\Program Files\Git\cmd;D:\chenyb\middleware\Ruby22-x64\bin;D:\apache-tomcat-8.5.24\lib;D:\data\agent;C:\Program Files\nodejs\;C:\Program Files\nodejs\node_global;C:\Program Files (x86)\Java\jdk1.8.0_45;C:\Program Files (x86)\Java\jdk1.8.0_45/bin;C:\Users\DHUser\.dnx\bin;C:\Users\DHUser\Documents\IDM Computer Solutions\UltraEdit;C:\Program Files\DockerToolbox;C:\Program Files (x86)\Nmap;C:\Users\DHUser\AppData\Roaming\npm
USERNAME=DHUser
OS=Windows_NT
PROCESSOR_IDENTIFIER=Intel64 Family 6 Model 60 Stepping 3, GenuineIntel



---------------  S Y S T E M  ---------------

OS: Windows 7 , 64 bit Build 7601 Service Pack 1

CPU:total 4 (4 cores per cpu, 1 threads per core) family 6 model 60 stepping 3, cmov, cx8, fxsr, mmx, sse, sse2, sse3, ssse3, sse4.1, sse4.2, popcnt, avx, avx2, aes, erms, tsc, tscinvbit

Memory: 4k page, physical 12505636k(1442208k free), swap 26425896k(6238104k free)

vm_info: Java HotSpot(TM) 64-Bit Server VM (24.80-b11) for windows-amd64 JRE (1.7.0_80-b15), built on Apr 10 2015 11:26:34 by "java_re" with unknown MS VC++:1600

time: Thu Nov 08 10:04:31 2018
elapsed time: 447 seconds

