#
# A fatal error has been detected by the Java Runtime Environment:
#
#  EXCEPTION_ACCESS_VIOLATION (0xc0000005) at pc=0x000000006e187c1d, pid=13828, tid=16848
#
# JRE version: Java(TM) SE Runtime Environment (7.0_80-b15) (build 1.7.0_80-b15)
# Java VM: Java HotSpot(TM) 64-Bit Server VM (24.80-b11 mixed mode windows-amd64 compressed oops)
# Problematic frame:
# V  [jvm.dll+0x197c1d]
#
# Failed to write core dump. Minidumps are not enabled by default on client versions of Windows
#
# If you would like to submit a bug report, please visit:
#   http://bugreport.java.com/bugreport/crash.jsp
#

---------------  T H R E A D  ---------------

Current thread (0x000000000e6a3800):  JavaThread "JDWP Transport Listener: dt_socket" daemon [_thread_in_vm, id=16848, stack(0x000000000f340000,0x000000000f440000)]

siginfo: ExceptionCode=0xc0000005, reading address 0x0000000000000000

Registers:
RAX=0x0000000010cc9348, RBX=0x0000000000000000, RCX=0x0000000000000000, RDX=0x0000000000000000
RSP=0x000000000f43ee60, RBP=0x000000000f43ef99, RSI=0x0000000000000000, RDI=0x000000000000007d
R8 =0x000000006e59c3a9, R9 =0x0000000055600000, R10=0x0000000000000000, R11=0x0000000000000000
R12=0x0000000000000000, R13=0x000000000f43f410, R14=0x000000000e6a3800, R15=0x000000000f43f410
RIP=0x000000006e187c1d, EFLAGS=0x0000000000010246

Top of Stack: (sp=0x000000000f43ee60)
0x000000000f43ee60:   0000000010cc9318 000000000f43ef99
0x000000000f43ee70:   0000000000000000 000000006e18752b
0x000000000f43ee80:   000000000e6a3800 0000000010cc93f0
0x000000000f43ee90:   000000000d080100 0000000000000040
0x000000000f43eea0:   0000000000000006 0000000000000028
0x000000000f43eeb0:   0000000000000048 0000000010cc93d0
0x000000000f43eec0:   000000000e6a3800 0000000000000001
0x000000000f43eed0:   000000000e6aa100 000000000f43f410
0x000000000f43eee0:   0000000000000000 000000000e6a3800
0x000000000f43eef0:   0000000000000001 000000000e6a3800
0x000000000f43ef00:   0000000000000001 000000000f43f410
0x000000000f43ef10:   000000000e6aa100 0000000010cc9320
0x000000000f43ef20:   0000000010cc9318 000000006e18a3ae
0x000000000f43ef30:   0000000010cc9318 0000000010cc92e0
0x000000000f43ef40:   0000000010cc9348 000000000000007c
0x000000000f43ef50:   000000000e6a3800 000000000e6a3800 

Instructions: (pc=0x000000006e187c1d)
0x000000006e187bfd:   05 41 8b dc eb 12 49 8b 8e 20 01 00 00 48 8b d0
0x000000006e187c0d:   e8 4e d1 e6 ff 48 8b d8 48 8b 84 24 e0 00 00 00
0x000000006e187c1d:   48 8b 13 48 8b 08 8b 41 3c 49 8b cc 89 42 3c 48
0x000000006e187c2d:   8b 84 24 d8 00 00 00 48 85 c0 74 03 48 8b 08 44 


Register to memory mapping:

RAX=0x0000000010cc9348 is an unknown value
RBX=0x0000000000000000 is an unknown value
RCX=0x0000000000000000 is an unknown value
RDX=0x0000000000000000 is an unknown value
RSP=0x000000000f43ee60 is pointing into the stack for thread: 0x000000000e6a3800
RBP=0x000000000f43ef99 is pointing into the stack for thread: 0x000000000e6a3800
RSI=0x0000000000000000 is an unknown value
RDI=0x000000000000007d is an unknown value
R8 =0x000000006e59c3a9 is an unknown value
R9 =0x0000000055600000 is an unknown value
R10=0x0000000000000000 is an unknown value
R11=0x0000000000000000 is an unknown value
R12=0x0000000000000000 is an unknown value
R13=0x000000000f43f410 is pointing into the stack for thread: 0x000000000e6a3800
R14=0x000000000e6a3800 is a thread
R15=0x000000000f43f410 is pointing into the stack for thread: 0x000000000e6a3800


Stack: [0x000000000f340000,0x000000000f440000],  sp=0x000000000f43ee60,  free space=1019k
Native frames: (J=compiled Java code, j=interpreted, Vv=VM code, C=native code)
V  [jvm.dll+0x197c1d]


---------------  P R O C E S S  ---------------

Java Threads: ( => current thread )
  0x00000000108ef800 JavaThread "restartedMain" [_thread_blocked, id=22848, stack(0x0000000011320000,0x0000000011420000)]
  0x00000000108f3000 JavaThread "File Watcher" daemon [_thread_blocked, id=8532, stack(0x00000000149c0000,0x0000000014ac0000)]
  0x00000000108ee800 JavaThread "File Watcher" daemon [_thread_blocked, id=24316, stack(0x00000000114c0000,0x00000000115c0000)]
  0x00000000108f1800 JavaThread "Thread-64" [_thread_blocked, id=14028, stack(0x0000000019ac0000,0x0000000019bc0000)]
  0x0000000012205000 JavaThread "DestroyJavaVM" [_thread_blocked, id=12824, stack(0x0000000002660000,0x0000000002760000)]
  0x000000001091c800 JavaThread "Live Reload Server" daemon [_thread_in_native, id=11128, stack(0x0000000016630000,0x0000000016730000)]
  0x0000000012095800 JavaThread "RxIoScheduler-1 (Evictor)" daemon [_thread_blocked, id=1872, stack(0x00000000153a0000,0x00000000154a0000)]
  0x0000000010f9b800 JavaThread "Abandoned connection cleanup thread" daemon [_thread_blocked, id=10288, stack(0x0000000015080000,0x0000000015180000)]
  0x000000000e6c4800 JavaThread "Service Thread" daemon [_thread_blocked, id=16836, stack(0x000000000f0d0000,0x000000000f1d0000)]
  0x000000000e6c1800 JavaThread "C2 CompilerThread1" daemon [_thread_blocked, id=23896, stack(0x000000000f940000,0x000000000fa40000)]
  0x000000000e6bf800 JavaThread "C2 CompilerThread0" daemon [_thread_blocked, id=23064, stack(0x000000000f820000,0x000000000f920000)]
  0x000000000e6ad800 JavaThread "JDWP Command Reader" daemon [_thread_blocked, id=3608, stack(0x000000000f700000,0x000000000f800000)]
  0x000000000e6ac800 JavaThread "JDWP Event Helper Thread" daemon [_thread_blocked, id=7348, stack(0x000000000f510000,0x000000000f610000)]
=>0x000000000e6a3800 JavaThread "JDWP Transport Listener: dt_socket" daemon [_thread_in_vm, id=16848, stack(0x000000000f340000,0x000000000f440000)]
  0x000000000e688800 JavaThread "Attach Listener" daemon [_thread_blocked, id=23856, stack(0x000000000ec70000,0x000000000ed70000)]
  0x000000000e69d000 JavaThread "Signal Dispatcher" daemon [_thread_blocked, id=24512, stack(0x000000000eb10000,0x000000000ec10000)]
  0x000000000d07f800 JavaThread "Finalizer" daemon [_thread_blocked, id=3784, stack(0x000000000e580000,0x000000000e680000)]
  0x000000000d078800 JavaThread "Reference Handler" daemon [_thread_blocked, id=26576, stack(0x000000000e3f0000,0x000000000e4f0000)]

Other Threads:
  0x000000000d071000 VMThread [stack: 0x000000000e180000,0x000000000e280000] [id=25544]
  0x000000000e6e9000 WatcherThread [stack: 0x000000000ed80000,0x000000000ee80000] [id=11708]

VM state:synchronizing (normal execution)

VM Mutex/Monitor currently owned by a thread:  ([mutex/lock_event])
[0x000000000239df30] Threads_lock - owner thread: 0x000000000d071000

Heap
 PSYoungGen      total 765952K, used 14723K [0x00000007c0600000, 0x00000007f0f80000, 0x0000000800000000)
  eden space 736256K, 1% used [0x00000007c0600000,0x00000007c1460f78,0x00000007ed500000)
  from space 29696K, 0% used [0x00000007ed500000,0x00000007ed500000,0x00000007ef200000)
  to   space 27648K, 0% used [0x00000007ef480000,0x00000007ef480000,0x00000007f0f80000)
 ParOldGen       total 2084864K, used 108921K [0x0000000741200000, 0x00000007c0600000, 0x00000007c0600000)
  object space 2084864K, 5% used [0x0000000741200000,0x0000000747c5e4e0,0x00000007c0600000)
 PSPermGen       total 83968K, used 83966K [0x000000073c000000, 0x0000000741200000, 0x0000000741200000)
  object space 83968K, 99% used [0x000000073c000000,0x00000007411ffbe8,0x0000000741200000)

Card table byte_map: [0x0000000005760000,0x0000000005d90000] byte_map_base: 0x0000000001d80000

Polling page: 0x0000000000320000

Code Cache  [0x0000000002760000, 0x0000000003320000, 0x0000000005760000)
 total_blobs=3188 nmethods=2441 adapters=705 free_code_cache=37262Kb largest_free_block=38019968

Compilation events (10 events):
Event: 339.237 Thread 0x000000000e6bf800 nmethod 2893 0x0000000003024110 code [0x0000000003024260, 0x0000000003024478]
Event: 339.252 Thread 0x000000000e6c1800 nmethod 2892 0x0000000003318e90 code [0x0000000003319300, 0x000000000331b438]
Event: 339.654 Thread 0x000000000e6bf800 2894             org.hibernate.validator.internal.metadata.raw.AbstractConstrainedElement::unwrapMode (5 bytes)
Event: 339.654 Thread 0x000000000e6bf800 nmethod 2894 0x000000000285aad0 code [0x000000000285ac00, 0x000000000285ac78]
Event: 340.543 Thread 0x000000000e6c1800 2895             com.sun.org.apache.xml.internal.dtm.ref.ExpandedNameTable::initExtendedTypes (63 bytes)
Event: 340.549 Thread 0x000000000e6c1800 nmethod 2895 0x00000000032f4fd0 code [0x00000000032f5160, 0x00000000032f5898]
Event: 340.561 Thread 0x000000000e6bf800 2896             java.lang.reflect.AccessibleObject::setAccessible0 (43 bytes)
Event: 340.562 Thread 0x000000000e6bf800 nmethod 2896 0x00000000032fbc50 code [0x00000000032fbdc0, 0x00000000032fbf08]
Event: 358.443 Thread 0x000000000e6c1800 2897             java.lang.String::compareToIgnoreCase (11 bytes)
Event: 358.444 Thread 0x000000000e6c1800 nmethod 2897 0x00000000028e6f10 code [0x00000000028e7060, 0x00000000028e7108]

GC Heap History (10 events):
Event: 717.244 GC heap before
{Heap before GC invocations=56 (full 21):
 PSYoungGen      total 764416K, used 0K [0x00000007c0600000, 0x00000007f1300000, 0x0000000800000000)
  eden space 731648K, 0% used [0x00000007c0600000,0x00000007c0600000,0x00000007ed080000)
  from space 32768K, 0% used [0x00000007ed080000,0x00000007ed080000,0x00000007ef080000)
  to   space 31232K, 0% used [0x00000007ef480000,0x00000007ef480000,0x00000007f1300000)
 ParOldGen       total 2084864K, used 109706K [0x0000000741200000, 0x00000007c0600000, 0x00000007c0600000)
  object space 2084864K, 5% used [0x0000000741200000,0x0000000747d22be0,0x00000007c0600000)
 PSPermGen       total 83968K, used 83967K [0x000000073c000000, 0x0000000741200000, 0x0000000741200000)
  object space 83968K, 99% used [0x000000073c000000,0x00000007411ffff0,0x0000000741200000)
Event: 717.675 GC heap after
Heap after GC invocations=56 (full 21):
 PSYoungGen      total 764416K, used 0K [0x00000007c0600000, 0x00000007f1300000, 0x0000000800000000)
  eden space 731648K, 0% used [0x00000007c0600000,0x00000007c0600000,0x00000007ed080000)
  from space 32768K, 0% used [0x00000007ed080000,0x00000007ed080000,0x00000007ef080000)
  to   space 31232K, 0% used [0x00000007ef480000,0x00000007ef480000,0x00000007f1300000)
 ParOldGen       total 2084864K, used 109297K [0x0000000741200000, 0x00000007c0600000, 0x00000007c0600000)
  object space 2084864K, 5% used [0x0000000741200000,0x0000000747cbc788,0x00000007c0600000)
 PSPermGen       total 83968K, used 83956K [0x000000073c000000, 0x0000000741200000, 0x0000000741200000)
  object space 83968K, 99% used [0x000000073c000000,0x00000007411fd070,0x0000000741200000)
}
Event: 717.675 GC heap before
{Heap before GC invocations=57 (full 21):
 PSYoungGen      total 764416K, used 12603K [0x00000007c0600000, 0x00000007f1300000, 0x0000000800000000)
  eden space 731648K, 1% used [0x00000007c0600000,0x00000007c124efd8,0x00000007ed080000)
  from space 32768K, 0% used [0x00000007ed080000,0x00000007ed080000,0x00000007ef080000)
  to   space 31232K, 0% used [0x00000007ef480000,0x00000007ef480000,0x00000007f1300000)
 ParOldGen       total 2084864K, used 109297K [0x0000000741200000, 0x00000007c0600000, 0x00000007c0600000)
  object space 2084864K, 5% used [0x0000000741200000,0x0000000747cbc788,0x00000007c0600000)
 PSPermGen       total 83968K, used 83966K [0x000000073c000000, 0x0000000741200000, 0x0000000741200000)
  object space 83968K, 99% used [0x000000073c000000,0x00000007411ffbe8,0x0000000741200000)
Event: 717.679 GC heap after
Heap after GC invocations=57 (full 21):
 PSYoungGen      total 763392K, used 64K [0x00000007c0600000, 0x00000007f0f00000, 0x0000000800000000)
  eden space 736256K, 0% used [0x00000007c0600000,0x00000007c0600000,0x00000007ed500000)
  from space 27136K, 0% used [0x00000007ef480000,0x00000007ef490000,0x00000007f0f00000)
  to   space 29696K, 0% used [0x00000007ed500000,0x00000007ed500000,0x00000007ef200000)
 ParOldGen       total 2084864K, used 109297K [0x0000000741200000, 0x00000007c0600000, 0x00000007c0600000)
  object space 2084864K, 5% used [0x0000000741200000,0x0000000747cbc788,0x00000007c0600000)
 PSPermGen       total 83968K, used 83966K [0x000000073c000000, 0x0000000741200000, 0x0000000741200000)
  object space 83968K, 99% used [0x000000073c000000,0x00000007411ffbe8,0x0000000741200000)
}
Event: 717.679 GC heap before
{Heap before GC invocations=58 (full 22):
 PSYoungGen      total 763392K, used 64K [0x00000007c0600000, 0x00000007f0f00000, 0x0000000800000000)
  eden space 736256K, 0% used [0x00000007c0600000,0x00000007c0600000,0x00000007ed500000)
  from space 27136K, 0% used [0x00000007ef480000,0x00000007ef490000,0x00000007f0f00000)
  to   space 29696K, 0% used [0x00000007ed500000,0x00000007ed500000,0x00000007ef200000)
 ParOldGen       total 2084864K, used 109297K [0x0000000741200000, 0x00000007c0600000, 0x00000007c0600000)
  object space 2084864K, 5% used [0x0000000741200000,0x0000000747cbc788,0x00000007c0600000)
 PSPermGen       total 83968K, used 83966K [0x000000073c000000, 0x0000000741200000, 0x0000000741200000)
  object space 83968K, 99% used [0x000000073c000000,0x00000007411ffbe8,0x0000000741200000)
Event: 717.837 GC heap after
Heap after GC invocations=58 (full 22):
 PSYoungGen      total 763392K, used 0K [0x00000007c0600000, 0x00000007f0f00000, 0x0000000800000000)
  eden space 736256K, 0% used [0x00000007c0600000,0x00000007c0600000,0x00000007ed500000)
  from space 27136K, 0% used [0x00000007ef480000,0x00000007ef480000,0x00000007f0f00000)
  to   space 29696K, 0% used [0x00000007ed500000,0x00000007ed500000,0x00000007ef200000)
 ParOldGen       total 2084864K, used 108921K [0x0000000741200000, 0x00000007c0600000, 0x00000007c0600000)
  object space 2084864K, 5% used [0x0000000741200000,0x0000000747c5e4e0,0x00000007c0600000)
 PSPermGen       total 83968K, used 83966K [0x000000073c000000, 0x0000000741200000, 0x0000000741200000)
  object space 83968K, 99% used [0x000000073c000000,0x00000007411ffbe8,0x0000000741200000)
}
Event: 717.838 GC heap before
{Heap before GC invocations=59 (full 22):
 PSYoungGen      total 763392K, used 0K [0x00000007c0600000, 0x00000007f0f00000, 0x0000000800000000)
  eden space 736256K, 0% used [0x00000007c0600000,0x00000007c0600000,0x00000007ed500000)
  from space 27136K, 0% used [0x00000007ef480000,0x00000007ef480000,0x00000007f0f00000)
  to   space 29696K, 0% used [0x00000007ed500000,0x00000007ed500000,0x00000007ef200000)
 ParOldGen       total 2084864K, used 108921K [0x0000000741200000, 0x00000007c0600000, 0x00000007c0600000)
  object space 2084864K, 5% used [0x0000000741200000,0x0000000747c5e4e0,0x00000007c0600000)
 PSPermGen       total 83968K, used 83966K [0x000000073c000000, 0x0000000741200000, 0x0000000741200000)
  object space 83968K, 99% used [0x000000073c000000,0x00000007411ffbe8,0x0000000741200000)
Event: 717.841 GC heap after
Heap after GC invocations=59 (full 22):
 PSYoungGen      total 765952K, used 0K [0x00000007c0600000, 0x00000007f0f80000, 0x0000000800000000)
  eden space 736256K, 0% used [0x00000007c0600000,0x00000007c0600000,0x00000007ed500000)
  from space 29696K, 0% used [0x00000007ed500000,0x00000007ed500000,0x00000007ef200000)
  to   space 27648K, 0% used [0x00000007ef480000,0x00000007ef480000,0x00000007f0f80000)
 ParOldGen       total 2084864K, used 108921K [0x0000000741200000, 0x00000007c0600000, 0x00000007c0600000)
  object space 2084864K, 5% used [0x0000000741200000,0x0000000747c5e4e0,0x00000007c0600000)
 PSPermGen       total 83968K, used 83966K [0x000000073c000000, 0x0000000741200000, 0x0000000741200000)
  object space 83968K, 99% used [0x000000073c000000,0x00000007411ffbe8,0x0000000741200000)
}
Event: 717.841 GC heap before
{Heap before GC invocations=60 (full 23):
 PSYoungGen      total 765952K, used 0K [0x00000007c0600000, 0x00000007f0f80000, 0x0000000800000000)
  eden space 736256K, 0% used [0x00000007c0600000,0x00000007c0600000,0x00000007ed500000)
  from space 29696K, 0% used [0x00000007ed500000,0x00000007ed500000,0x00000007ef200000)
  to   space 27648K, 0% used [0x00000007ef480000,0x00000007ef480000,0x00000007f0f80000)
 ParOldGen       total 2084864K, used 108921K [0x0000000741200000, 0x00000007c0600000, 0x00000007c0600000)
  object space 2084864K, 5% used [0x0000000741200000,0x0000000747c5e4e0,0x00000007c0600000)
 PSPermGen       total 83968K, used 83966K [0x000000073c000000, 0x0000000741200000, 0x0000000741200000)
  object space 83968K, 99% used [0x000000073c000000,0x00000007411ffbe8,0x0000000741200000)
Event: 718.003 GC heap after
Heap after GC invocations=60 (full 23):
 PSYoungGen      total 765952K, used 0K [0x00000007c0600000, 0x00000007f0f80000, 0x0000000800000000)
  eden space 736256K, 0% used [0x00000007c0600000,0x00000007c0600000,0x00000007ed500000)
  from space 29696K, 0% used [0x00000007ed500000,0x00000007ed500000,0x00000007ef200000)
  to   space 27648K, 0% used [0x00000007ef480000,0x00000007ef480000,0x00000007f0f80000)
 ParOldGen       total 2084864K, used 108921K [0x0000000741200000, 0x00000007c0600000, 0x00000007c0600000)
  object space 2084864K, 5% used [0x0000000741200000,0x0000000747c5e4e0,0x00000007c0600000)
 PSPermGen       total 83968K, used 83966K [0x000000073c000000, 0x0000000741200000, 0x0000000741200000)
  object space 83968K, 99% used [0x000000073c000000,0x00000007411ffbe8,0x0000000741200000)
}

Deoptimization events (10 events):
Event: 343.166 Thread 0x00000000108f3000 Uncommon trap: reason=unhandled action=none pc=0x0000000002964b28 method=java.net.URLClassLoader$1.run()Ljava/lang/Class; @ 72
Event: 343.167 Thread 0x00000000108f3000 Uncommon trap: reason=unhandled action=none pc=0x0000000002964b28 method=java.net.URLClassLoader$1.run()Ljava/lang/Class; @ 72
Event: 343.167 Thread 0x00000000108f3000 Uncommon trap: reason=unhandled action=none pc=0x0000000002964b28 method=java.net.URLClassLoader$1.run()Ljava/lang/Class; @ 72
Event: 343.167 Thread 0x00000000108f3000 Uncommon trap: reason=unhandled action=none pc=0x0000000002964b28 method=java.net.URLClassLoader$1.run()Ljava/lang/Class; @ 72
Event: 343.176 Thread 0x00000000108f2800 Uncommon trap: reason=unhandled action=none pc=0x0000000002964b28 method=java.net.URLClassLoader$1.run()Ljava/lang/Class; @ 72
Event: 343.176 Thread 0x00000000108f2800 Uncommon trap: reason=unhandled action=none pc=0x0000000002964b28 method=java.net.URLClassLoader$1.run()Ljava/lang/Class; @ 72
Event: 343.176 Thread 0x00000000108f2800 Uncommon trap: reason=unhandled action=none pc=0x0000000002964b28 method=java.net.URLClassLoader$1.run()Ljava/lang/Class; @ 72
Event: 343.176 Thread 0x00000000108f2800 Uncommon trap: reason=unhandled action=none pc=0x0000000002964b28 method=java.net.URLClassLoader$1.run()Ljava/lang/Class; @ 72
Event: 343.176 Thread 0x00000000108f2800 Uncommon trap: reason=unhandled action=none pc=0x0000000002964b28 method=java.net.URLClassLoader$1.run()Ljava/lang/Class; @ 72
Event: 344.187 Thread 0x00000000108f3000 Uncommon trap: reason=class_check action=maybe_recompile pc=0x00000000029639b4 method=java.lang.Throwable.<init>(Ljava/lang/Throwable;)V @ 24

Internal exceptions (10 events):
Event: 343.171 Thread 0x00000000108f1000 Threw 0x00000007c10a3620 at C:\re\jdk7u80\2329\hotspot\src\share\vm\prims\jvm.cpp:3040
Event: 343.175 Thread 0x00000000108f5800 Threw 0x00000007c198dcc8 at C:\re\jdk7u80\2329\hotspot\src\share\vm\prims\jvm.cpp:3040
Event: 343.176 Thread 0x00000000108f2800 Threw 0x00000007c1d41758 at C:\re\jdk7u80\2329\hotspot\src\share\vm\prims\jvm.cpp:1319
Event: 343.176 Thread 0x00000000108f2800 Threw 0x00000007c1d42e28 at C:\re\jdk7u80\2329\hotspot\src\share\vm\prims\jvm.cpp:1319
Event: 343.176 Thread 0x00000000108f2800 Threw 0x00000007c1d44a48 at C:\re\jdk7u80\2329\hotspot\src\share\vm\prims\jvm.cpp:1319
Event: 343.176 Thread 0x00000000108f2800 Threw 0x00000007c1d462e0 at C:\re\jdk7u80\2329\hotspot\src\share\vm\prims\jvm.cpp:1319
Event: 343.176 Thread 0x00000000108f2800 Threw 0x00000007c1d47bc8 at C:\re\jdk7u80\2329\hotspot\src\share\vm\prims\jvm.cpp:1319
Event: 343.177 Thread 0x0000000011f26800 Threw 0x00000007c2018808 at C:\re\jdk7u80\2329\hotspot\src\share\vm\prims\jvm.cpp:3040
Event: 344.187 Thread 0x00000000108f3000 Threw 0x00000007c0bd7c08 at C:\re\jdk7u80\2329\hotspot\src\share\vm\runtime\reflection.cpp:1030
Event: 718.003 Thread 0x000000000e6a3800 Threw 0x000000073c0ad5f8 at C:\re\jdk7u80\2329\hotspot\src\share\vm\gc_interface/collectedHeap.inline.hpp:225

Events (10 events):
Event: 344.187 Thread 0x00000000108f3000 Thread exited: 0x00000000108f3000
Event: 344.205 Thread 0x00000000108f3000 Thread added: 0x00000000108f3000
Event: 716.815 Executing VM operation: ParallelGCFailedPermanentAllocation
Event: 717.032 Executing VM operation: ParallelGCFailedPermanentAllocation done
Event: 717.034 Executing VM operation: ParallelGCFailedPermanentAllocation
Event: 717.675 Executing VM operation: ParallelGCFailedPermanentAllocation done
Event: 717.675 Executing VM operation: ParallelGCFailedPermanentAllocation
Event: 718.003 Executing VM operation: ParallelGCFailedPermanentAllocation done
Event: 718.003 Thread 0x00000000108ef800 Thread added: 0x00000000108ef800
Event: 718.015 Executing VM operation: RevokeBias


Dynamic libraries:
0x000000013f4a0000 - 0x000000013f4d3000 	C:\Program Files\Java\jdk1.7.0_80\bin\javaw.exe
0x0000000076fc0000 - 0x000000007715f000 	C:\Windows\SYSTEM32\ntdll.dll
0x0000000076da0000 - 0x0000000076ebf000 	C:\Windows\system32\kernel32.dll
0x000007fefcba0000 - 0x000007fefcc0a000 	C:\Windows\system32\KERNELBASE.dll
0x000007fefd6c0000 - 0x000007fefd79b000 	C:\Windows\system32\ADVAPI32.dll
0x000007fefcec0000 - 0x000007fefcf5f000 	C:\Windows\system32\msvcrt.dll
0x000007fefd7a0000 - 0x000007fefd7bf000 	C:\Windows\SYSTEM32\sechost.dll
0x000007feff0e0000 - 0x000007feff20d000 	C:\Windows\system32\RPCRT4.dll
0x0000000076ec0000 - 0x0000000076fba000 	C:\Windows\system32\USER32.dll
0x000007feff240000 - 0x000007feff2a7000 	C:\Windows\system32\GDI32.dll
0x000007fefd7c0000 - 0x000007fefd7ce000 	C:\Windows\system32\LPK.dll
0x000007fefeae0000 - 0x000007fefebab000 	C:\Windows\system32\USP10.dll
0x000007fefb1f0000 - 0x000007fefb3e4000 	C:\Windows\WinSxS\amd64_microsoft.windows.common-controls_6595b64144ccf1df_6.0.7601.18837_none_fa3b1e3d17594757\COMCTL32.dll
0x000007fefd310000 - 0x000007fefd381000 	C:\Windows\system32\SHLWAPI.dll
0x000007feff210000 - 0x000007feff23e000 	C:\Windows\system32\IMM32.DLL
0x000007fefebb0000 - 0x000007fefecb9000 	C:\Windows\system32\MSCTF.dll
0x0000000055600000 - 0x00000000556d2000 	C:\Program Files\Java\jdk1.7.0_80\jre\bin\msvcr100.dll
0x000000006dff0000 - 0x000000006e7c9000 	C:\Program Files\Java\jdk1.7.0_80\jre\bin\server\jvm.dll
0x000007fef86c0000 - 0x000007fef86c9000 	C:\Windows\system32\WSOCK32.dll
0x000007fefd220000 - 0x000007fefd26d000 	C:\Windows\system32\WS2_32.dll
0x000007fefd270000 - 0x000007fefd278000 	C:\Windows\system32\NSI.dll
0x000007fefce80000 - 0x000007fefcebb000 	C:\Windows\system32\WINMM.dll
0x0000000077170000 - 0x0000000077177000 	C:\Windows\system32\PSAPI.DLL
0x0000000073c60000 - 0x0000000073c6f000 	C:\Program Files\Java\jdk1.7.0_80\jre\bin\verify.dll
0x00000000739d0000 - 0x00000000739f8000 	C:\Program Files\Java\jdk1.7.0_80\jre\bin\java.dll
0x000000005cc70000 - 0x000000005cca5000 	C:\Program Files\Java\jdk1.7.0_80\jre\bin\jdwp.dll
0x0000000068f90000 - 0x0000000068f98000 	C:\Program Files\Java\jdk1.7.0_80\jre\bin\npt.dll
0x0000000073970000 - 0x0000000073986000 	C:\Program Files\Java\jdk1.7.0_80\jre\bin\zip.dll
0x00000000688a0000 - 0x00000000688a9000 	C:\Program Files\Java\jdk1.7.0_80\jre\bin\dt_socket.dll
0x000007fefa840000 - 0x000007fefa855000 	C:\Windows\system32\NLAapi.dll
0x000007fef89f0000 - 0x000007fef8a05000 	C:\Windows\system32\napinsp.dll
0x000007fef89d0000 - 0x000007fef89e9000 	C:\Windows\system32\pnrpnsp.dll
0x000007fefc120000 - 0x000007fefc175000 	C:\Windows\System32\mswsock.dll
0x000007fefc010000 - 0x000007fefc06b000 	C:\Windows\system32\DNSAPI.dll
0x000007fef89c0000 - 0x000007fef89cb000 	C:\Windows\System32\winrnr.dll
0x000007fef9dd0000 - 0x000007fef9df7000 	C:\Windows\system32\IPHLPAPI.DLL
0x000007fef9dc0000 - 0x000007fef9dcb000 	C:\Windows\system32\WINNSI.DLL
0x000007fef9ab0000 - 0x000007fef9b03000 	C:\Windows\System32\fwpuclnt.dll
0x000007fef89b0000 - 0x000007fef89b8000 	C:\Windows\system32\rasadhlp.dll
0x000007fefb830000 - 0x000007fefb837000 	C:\Windows\System32\wshtcpip.dll
0x0000000073b30000 - 0x0000000073b4a000 	C:\Program Files\Java\jdk1.7.0_80\jre\bin\net.dll
0x000007fefc3d0000 - 0x000007fefc3d7000 	C:\Windows\System32\wship6.dll
0x0000000073950000 - 0x0000000073961000 	C:\Program Files\Java\jdk1.7.0_80\jre\bin\nio.dll
0x000007fef9a90000 - 0x000007fef9aa1000 	C:\Windows\system32\dhcpcsvc6.DLL
0x000007fef9a70000 - 0x000007fef9a88000 	C:\Windows\system32\dhcpcsvc.DLL
0x0000000073ca0000 - 0x0000000073cab000 	C:\Program Files\Java\jdk1.7.0_80\jre\bin\management.dll
0x000007fefc230000 - 0x000007fefc248000 	C:\Windows\system32\CRYPTSP.dll
0x000007fefbf20000 - 0x000007fefbf67000 	C:\Windows\system32\rsaenh.dll
0x000007fefce60000 - 0x000007fefce7e000 	C:\Windows\system32\USERENV.dll
0x000007fefca70000 - 0x000007fefca7f000 	C:\Windows\system32\profapi.dll
0x000007fefc860000 - 0x000007fefc86f000 	C:\Windows\system32\CRYPTBASE.dll
0x000000006b6d0000 - 0x000000006b6f4000 	C:\Program Files\Java\jdk1.7.0_80\jre\bin\sunec.dll
0x0000000073aa0000 - 0x0000000073aab000 	C:\Program Files\Java\jdk1.7.0_80\jre\bin\sunmscapi.dll
0x000007fefccc0000 - 0x000007fefce2d000 	C:\Windows\system32\CRYPT32.dll
0x000007fefca60000 - 0x000007fefca6f000 	C:\Windows\system32\MSASN1.dll
0x000007fef8520000 - 0x000007fef8645000 	C:\Windows\system32\dbghelp.dll

VM Arguments:
jvm_args: -agentlib:jdwp=transport=dt_socket,suspend=y,address=localhost:12244 -Dfile.encoding=UTF-8 
java_command: com.kiiik.ZuulAuthServiceStarter
Launcher Type: SUN_STANDARD

Environment Variables:
JAVA_HOME=C:\Program Files (x86)\Java\jdk1.8.0_45
JRE_HOME=C:\Program Files (x86)\Java\jdk1.8.0_45\jre
PATH=C:\Program Files\Java\jdk1.7.0_80\jre\bin;C:\Program Files (x86)\Common Files\NetSarang;C:\Windows\system32;C:\Windows;C:\Windows\System32\Wbem;C:\Windows\System32\WindowsPowerShell\v1.0\;C:\Program Files (x86)\Common Files\ThinPrint\;C:\Program Files (x86)\Java\jdk1.8.0_45;D:\chenyb\tools\android-sdk-windows\platform-tools;D:\chenyb\tools\apache-maven-3.0.4\bin;C:\Windows\system32\config\systemprofile\.dnx\bin;C:\Program Files\Microsoft DNX\Dnvm\;C:\Program Files\Microsoft SQL Server\120\Tools\Binn\;C:\Program Files (x86)\Windows Kits\8.1\Windows Performance Toolkit\;C:\Program Files\TortoiseSVN\bin;C:\Program Files\VisualSVN Server\bin;C:\cygwin64\bin;C:\Program Files\TortoiseGit\bin;JAVA_HOME\bin;JAVA_HOME\jre\bin;C:\Program Files\MySQL\MySQL Utilities 1.6\;C:\Program Files\Git\cmd;D:\chenyb\middleware\Ruby22-x64\bin;D:\apache-tomcat-8.5.24\lib;D:\data\agent;C:\Program Files\nodejs\;C:\Program Files\nodejs\node_global;C:\Program Files (x86)\Java\jdk1.8.0_45;C:\Program Files (x86)\Java\jdk1.8.0_45/bin;C:\Users\DHUser\.dnx\bin;C:\Users\DHUser\Documents\IDM Computer Solutions\UltraEdit;C:\Program Files\DockerToolbox;C:\Program Files (x86)\Nmap;C:\Users\DHUser\AppData\Roaming\npm
USERNAME=DHUser
OS=Windows_NT
PROCESSOR_IDENTIFIER=Intel64 Family 6 Model 60 Stepping 3, GenuineIntel



---------------  S Y S T E M  ---------------

OS: Windows 7 , 64 bit Build 7601 Service Pack 1

CPU:total 4 (4 cores per cpu, 1 threads per core) family 6 model 60 stepping 3, cmov, cx8, fxsr, mmx, sse, sse2, sse3, ssse3, sse4.1, sse4.2, popcnt, avx, avx2, aes, erms, tsc, tscinvbit

Memory: 4k page, physical 12505636k(1302548k free), swap 26425896k(5906728k free)

vm_info: Java HotSpot(TM) 64-Bit Server VM (24.80-b11) for windows-amd64 JRE (1.7.0_80-b15), built on Apr 10 2015 11:26:34 by "java_re" with unknown MS VC++:1600

time: Thu Nov 08 09:27:24 2018
elapsed time: 718 seconds

