#
# A fatal error has been detected by the Java Runtime Environment:
#
#  EXCEPTION_ACCESS_VIOLATION (0xc0000005) at pc=0x000000006e187c1d, pid=24276, tid=22228
#
# JRE version: Java(TM) SE Runtime Environment (7.0_80-b15) (build 1.7.0_80-b15)
# Java VM: Java HotSpot(TM) 64-Bit Server VM (24.80-b11 mixed mode windows-amd64 compressed oops)
# Problematic frame:
# V  [jvm.dll+0x197c1d]
#
# Failed to write core dump. Minidumps are not enabled by default on client versions of Windows
#
# If you would like to submit a bug report, please visit:
#   http://bugreport.java.com/bugreport/crash.jsp
#

---------------  T H R E A D  ---------------

Current thread (0x00000000106bd800):  JavaThread "JDWP Transport Listener: dt_socket" daemon [_thread_in_vm, id=22228, stack(0x0000000032470000,0x000000003a470000)]

siginfo: ExceptionCode=0xc0000005, reading address 0x0000000000000000

Registers:
RAX=0x00000000218d33d0, RBX=0x0000000000000000, RCX=0x0000000000000000, RDX=0x0000000000000000
RSP=0x000000003a46efa0, RBP=0x000000003a46f0d9, RSI=0x0000000000000000, RDI=0x000000000000012e
R8 =0x000000006e59c3a9, R9 =0x0000000055600000, R10=0x0000000000000000, R11=0x0000000000000200
R12=0x0000000000000000, R13=0x000000003a46f550, R14=0x00000000106bd800, R15=0x000000003a46f550
RIP=0x000000006e187c1d, EFLAGS=0x0000000000010246

Top of Stack: (sp=0x000000003a46efa0)
0x000000003a46efa0:   00000000218d33a0 000000003a46f0d9
0x000000003a46efb0:   0000000000000000 000000003a46f550
0x000000003a46efc0:   0000000000000034 00000000bfffd7e8
0x000000003a46efd0:   000000001066c3e0 0000000000000060
0x000000003a46efe0:   0000000054cadbf8 000000006e187127
0x000000003a46eff0:   0000000000000009 0000000054cadc38
0x000000003a46f000:   0000000000000300 000000006e09d725
0x000000003a46f010:   00000000218f68c0 00000000218f68c0
0x000000003a46f020:   000000003a46f550 00000000106bd800
0x000000003a46f030:   0000000000000001 00000000106bd800
0x000000003a46f040:   0000000000000001 000000003a46f550
0x000000003a46f050:   00000000218f68c0 00000000218d33a8
0x000000003a46f060:   00000000218d33a0 000000006e18a3ae
0x000000003a46f070:   00000000218d33a0 00000000218d3368
0x000000003a46f080:   00000000218d33d0 0000000000000129
0x000000003a46f090:   00000000106bd800 00000000106bd800 

Instructions: (pc=0x000000006e187c1d)
0x000000006e187bfd:   05 41 8b dc eb 12 49 8b 8e 20 01 00 00 48 8b d0
0x000000006e187c0d:   e8 4e d1 e6 ff 48 8b d8 48 8b 84 24 e0 00 00 00
0x000000006e187c1d:   48 8b 13 48 8b 08 8b 41 3c 49 8b cc 89 42 3c 48
0x000000006e187c2d:   8b 84 24 d8 00 00 00 48 85 c0 74 03 48 8b 08 44 


Register to memory mapping:

RAX=0x00000000218d33d0 is an unknown value
RBX=0x0000000000000000 is an unknown value
RCX=0x0000000000000000 is an unknown value
RDX=0x0000000000000000 is an unknown value
RSP=0x000000003a46efa0 is pointing into the stack for thread: 0x00000000106bd800
RBP=0x000000003a46f0d9 is pointing into the stack for thread: 0x00000000106bd800
RSI=0x0000000000000000 is an unknown value
RDI=0x000000000000012e is an unknown value
R8 =0x000000006e59c3a9 is an unknown value
R9 =0x0000000055600000 is an unknown value
R10=0x0000000000000000 is an unknown value
R11=0x0000000000000200 is an unknown value
R12=0x0000000000000000 is an unknown value
R13=0x000000003a46f550 is pointing into the stack for thread: 0x00000000106bd800
R14=0x00000000106bd800 is a thread
R15=0x000000003a46f550 is pointing into the stack for thread: 0x00000000106bd800


Stack: [0x0000000032470000,0x000000003a470000],  sp=0x000000003a46efa0,  free space=131067k
Native frames: (J=compiled Java code, j=interpreted, Vv=VM code, C=native code)
V  [jvm.dll+0x197c1d]


---------------  P R O C E S S  ---------------

Java Threads: ( => current thread )
  0x00000000662a6000 JavaThread "File Watcher" daemon [_thread_blocked, id=25332, stack(0x00000000558d0000,0x000000005d8d0000)]
  0x0000000052e9e000 JavaThread "DiscoveryClient-InstanceInfoReplicator-0" daemon [_thread_blocked, id=8652, stack(0x0000000157a80000,0x000000015fa80000)]
  0x0000000054c82000 JavaThread "DiscoveryClient-1" daemon [_thread_blocked, id=3680, stack(0x000000014f9c0000,0x00000001579c0000)]
  0x0000000054c7f800 JavaThread "DiscoveryClient-0" daemon [_thread_blocked, id=12452, stack(0x00000001477e0000,0x000000014f7e0000)]
  0x0000000054c80800 JavaThread "AsyncResolver-bootstrap-0" daemon [_thread_blocked, id=17612, stack(0x000000013f630000,0x0000000147630000)]
  0x0000000054c81000 JavaThread "Eureka-JerseyClient-Conn-Cleaner2" daemon [_thread_blocked, id=8224, stack(0x00000001306b0000,0x00000001386b0000)]
  0x0000000054c7f000 JavaThread "Eureka-JerseyClient-Conn-Cleaner2" daemon [_thread_blocked, id=21548, stack(0x0000000120360000,0x0000000128360000)]
  0x0000000052e9d800 JavaThread "Thread-34" [_thread_blocked, id=23676, stack(0x000000017ff60000,0x0000000187f60000)]
  0x0000000067829800 JavaThread "DestroyJavaVM" [_thread_blocked, id=12572, stack(0x0000000002670000,0x000000000a670000)]
  0x00000000662a0000 JavaThread "Live Reload Server" daemon [_thread_in_native, id=21872, stack(0x00000001286b0000,0x00000001306b0000)]
  0x0000000053362800 JavaThread "RxIoScheduler-1 (Evictor)" daemon [_thread_blocked, id=6332, stack(0x0000000110220000,0x0000000118220000)]
  0x00000000660a6000 JavaThread "Abandoned connection cleanup thread" daemon [_thread_blocked, id=14160, stack(0x0000000098370000,0x00000000a0370000)]
  0x0000000021915800 JavaThread "Service Thread" daemon [_thread_blocked, id=7380, stack(0x000000004a6f0000,0x00000000526f0000)]
  0x0000000021912800 JavaThread "C2 CompilerThread1" daemon [_thread_blocked, id=6992, stack(0x0000000042500000,0x0000000042600000)]
  0x0000000021910000 JavaThread "C2 CompilerThread0" daemon [_thread_blocked, id=17268, stack(0x0000000031f20000,0x0000000032020000)]
  0x00000000218fe000 JavaThread "JDWP Command Reader" daemon [_thread_in_native, id=11772, stack(0x0000000042660000,0x000000004a660000)]
  0x00000000218fb000 JavaThread "JDWP Event Helper Thread" daemon [_thread_blocked, id=23988, stack(0x000000003a4c0000,0x00000000424c0000)]
=>0x00000000106bd800 JavaThread "JDWP Transport Listener: dt_socket" daemon [_thread_in_vm, id=22228, stack(0x0000000032470000,0x000000003a470000)]
  0x00000000218eb800 JavaThread "Attach Listener" daemon [_thread_blocked, id=25752, stack(0x0000000029d60000,0x0000000031d60000)]
  0x00000000218ea800 JavaThread "Signal Dispatcher" daemon [_thread_blocked, id=15060, stack(0x0000000021d00000,0x0000000029d00000)]
  0x000000001065f000 JavaThread "Finalizer" daemon [_thread_blocked, id=24916, stack(0x00000000198d0000,0x00000000218d0000)]
  0x0000000010658800 JavaThread "Reference Handler" daemon [_thread_blocked, id=11960, stack(0x0000000011840000,0x0000000019840000)]

Other Threads:
  0x0000000010655000 VMThread [stack: 0x0000000011730000,0x0000000011830000] [id=7348]
  0x0000000021964800 WatcherThread [stack: 0x0000000032100000,0x0000000032200000] [id=18292]

VM state:not at safepoint (normal execution)

VM Mutex/Monitor currently owned by a thread: None

Heap
 PSYoungGen      total 498688K, used 4746K [0x00000000e0000000, 0x0000000100000000, 0x0000000100000000)
  eden space 474624K, 1% used [0x00000000e0000000,0x00000000e04a2908,0x00000000fcf80000)
  from space 24064K, 0% used [0x00000000fcf80000,0x00000000fcf80000,0x00000000fe700000)
  to   space 22528K, 0% used [0x00000000fea00000,0x00000000fea00000,0x0000000100000000)
 ParOldGen       total 524288K, used 95792K [0x00000000c0000000, 0x00000000e0000000, 0x00000000e0000000)
  object space 524288K, 18% used [0x00000000c0000000,0x00000000c5d8c3d0,0x00000000e0000000)
 PSPermGen       total 83968K, used 83967K [0x00000000bae00000, 0x00000000c0000000, 0x00000000c0000000)
  object space 83968K, 99% used [0x00000000bae00000,0x00000000bfffff18,0x00000000c0000000)

Card table byte_map: [0x000000000d670000,0x000000000d8a0000] byte_map_base: 0x000000000d099000

Polling page: 0x0000000000420000

Code Cache  [0x000000000a670000, 0x000000000b100000, 0x000000000d670000)
 total_blobs=2951 nmethods=2201 adapters=708 free_code_cache=38487Kb largest_free_block=39302400

Compilation events (10 events):
Event: 705.652 Thread 0x0000000021910000 2667             org.springframework.jmx.support.JmxUtils::getMBeanInterface (92 bytes)
Event: 705.656 Thread 0x0000000021912800 2668             org.springframework.jmx.support.JmxUtils::getMXBeanInterface (63 bytes)
Event: 705.664 Thread 0x0000000021912800 nmethod 2668 0x000000000b086a10 code [0x000000000b086be0, 0x000000000b087620]
Event: 705.684 Thread 0x0000000021910000 nmethod 2667 0x000000000b0f0690 code [0x000000000b0f0940, 0x000000000b0f2900]
Event: 705.691 Thread 0x0000000021912800 2669             java.security.AccessControlContext::optimize (319 bytes)
Event: 705.697 Thread 0x0000000021912800 nmethod 2669 0x000000000b083c50 code [0x000000000b083dc0, 0x000000000b084468]
Event: 705.706 Thread 0x0000000021910000 2670             com.google.common.base.Absent::isPresent (2 bytes)
Event: 705.706 Thread 0x0000000021910000 nmethod 2670 0x000000000b086810 code [0x000000000b086940, 0x000000000b086998]
Event: 705.713 Thread 0x0000000021912800 2671             java.util.regex.Pattern$Branch::study (162 bytes)
Event: 705.716 Thread 0x0000000021912800 nmethod 2671 0x000000000b0b2e50 code [0x000000000b0b2fc0, 0x000000000b0b3458]

GC Heap History (10 events):
Event: 713.228 GC heap before
{Heap before GC invocations=63 (full 24):
 PSYoungGen      total 495616K, used 0K [0x00000000e0000000, 0x0000000100000000, 0x0000000100000000)
  eden space 468480K, 0% used [0x00000000e0000000,0x00000000e0000000,0x00000000fc980000)
  from space 27136K, 0% used [0x00000000fc980000,0x00000000fc980000,0x00000000fe400000)
  to   space 25600K, 0% used [0x00000000fe700000,0x00000000fe700000,0x0000000100000000)
 ParOldGen       total 524288K, used 96118K [0x00000000c0000000, 0x00000000e0000000, 0x00000000e0000000)
  object space 524288K, 18% used [0x00000000c0000000,0x00000000c5dddb00,0x00000000e0000000)
 PSPermGen       total 83968K, used 83967K [0x00000000bae00000, 0x00000000c0000000, 0x00000000c0000000)
  object space 83968K, 99% used [0x00000000bae00000,0x00000000bffffee0,0x00000000c0000000)
Event: 713.590 GC heap after
Heap after GC invocations=63 (full 24):
 PSYoungGen      total 495616K, used 0K [0x00000000e0000000, 0x0000000100000000, 0x0000000100000000)
  eden space 468480K, 0% used [0x00000000e0000000,0x00000000e0000000,0x00000000fc980000)
  from space 27136K, 0% used [0x00000000fc980000,0x00000000fc980000,0x00000000fe400000)
  to   space 25600K, 0% used [0x00000000fe700000,0x00000000fe700000,0x0000000100000000)
 ParOldGen       total 524288K, used 95865K [0x00000000c0000000, 0x00000000e0000000, 0x00000000e0000000)
  object space 524288K, 18% used [0x00000000c0000000,0x00000000c5d9e6a0,0x00000000e0000000)
 PSPermGen       total 83968K, used 83964K [0x00000000bae00000, 0x00000000c0000000, 0x00000000c0000000)
  object space 83968K, 99% used [0x00000000bae00000,0x00000000bffff300,0x00000000c0000000)
}
Event: 713.591 GC heap before
{Heap before GC invocations=64 (full 24):
 PSYoungGen      total 495616K, used 4684K [0x00000000e0000000, 0x0000000100000000, 0x0000000100000000)
  eden space 468480K, 1% used [0x00000000e0000000,0x00000000e0493390,0x00000000fc980000)
  from space 27136K, 0% used [0x00000000fc980000,0x00000000fc980000,0x00000000fe400000)
  to   space 25600K, 0% used [0x00000000fe700000,0x00000000fe700000,0x0000000100000000)
 ParOldGen       total 524288K, used 95865K [0x00000000c0000000, 0x00000000e0000000, 0x00000000e0000000)
  object space 524288K, 18% used [0x00000000c0000000,0x00000000c5d9e6a0,0x00000000e0000000)
 PSPermGen       total 83968K, used 83967K [0x00000000bae00000, 0x00000000c0000000, 0x00000000c0000000)
  object space 83968K, 99% used [0x00000000bae00000,0x00000000bfffff18,0x00000000c0000000)
Event: 713.596 GC heap after
Heap after GC invocations=64 (full 24):
 PSYoungGen      total 500224K, used 64K [0x00000000e0000000, 0x0000000100000000, 0x0000000100000000)
  eden space 474624K, 0% used [0x00000000e0000000,0x00000000e0000000,0x00000000fcf80000)
  from space 25600K, 0% used [0x00000000fe700000,0x00000000fe710000,0x0000000100000000)
  to   space 24064K, 0% used [0x00000000fcf80000,0x00000000fcf80000,0x00000000fe700000)
 ParOldGen       total 524288K, used 95865K [0x00000000c0000000, 0x00000000e0000000, 0x00000000e0000000)
  object space 524288K, 18% used [0x00000000c0000000,0x00000000c5d9e6a0,0x00000000e0000000)
 PSPermGen       total 83968K, used 83967K [0x00000000bae00000, 0x00000000c0000000, 0x00000000c0000000)
  object space 83968K, 99% used [0x00000000bae00000,0x00000000bfffff18,0x00000000c0000000)
}
Event: 713.596 GC heap before
{Heap before GC invocations=65 (full 25):
 PSYoungGen      total 500224K, used 64K [0x00000000e0000000, 0x0000000100000000, 0x0000000100000000)
  eden space 474624K, 0% used [0x00000000e0000000,0x00000000e0000000,0x00000000fcf80000)
  from space 25600K, 0% used [0x00000000fe700000,0x00000000fe710000,0x0000000100000000)
  to   space 24064K, 0% used [0x00000000fcf80000,0x00000000fcf80000,0x00000000fe700000)
 ParOldGen       total 524288K, used 95865K [0x00000000c0000000, 0x00000000e0000000, 0x00000000e0000000)
  object space 524288K, 18% used [0x00000000c0000000,0x00000000c5d9e6a0,0x00000000e0000000)
 PSPermGen       total 83968K, used 83967K [0x00000000bae00000, 0x00000000c0000000, 0x00000000c0000000)
  object space 83968K, 99% used [0x00000000bae00000,0x00000000bfffff18,0x00000000c0000000)
Event: 713.759 GC heap after
Heap after GC invocations=65 (full 25):
 PSYoungGen      total 500224K, used 0K [0x00000000e0000000, 0x0000000100000000, 0x0000000100000000)
  eden space 474624K, 0% used [0x00000000e0000000,0x00000000e0000000,0x00000000fcf80000)
  from space 25600K, 0% used [0x00000000fe700000,0x00000000fe700000,0x0000000100000000)
  to   space 24064K, 0% used [0x00000000fcf80000,0x00000000fcf80000,0x00000000fe700000)
 ParOldGen       total 524288K, used 95793K [0x00000000c0000000, 0x00000000e0000000, 0x00000000e0000000)
  object space 524288K, 18% used [0x00000000c0000000,0x00000000c5d8c440,0x00000000e0000000)
 PSPermGen       total 83968K, used 83967K [0x00000000bae00000, 0x00000000c0000000, 0x00000000c0000000)
  object space 83968K, 99% used [0x00000000bae00000,0x00000000bfffff18,0x00000000c0000000)
}
Event: 713.759 GC heap before
{Heap before GC invocations=66 (full 25):
 PSYoungGen      total 500224K, used 0K [0x00000000e0000000, 0x0000000100000000, 0x0000000100000000)
  eden space 474624K, 0% used [0x00000000e0000000,0x00000000e0000000,0x00000000fcf80000)
  from space 25600K, 0% used [0x00000000fe700000,0x00000000fe700000,0x0000000100000000)
  to   space 24064K, 0% used [0x00000000fcf80000,0x00000000fcf80000,0x00000000fe700000)
 ParOldGen       total 524288K, used 95793K [0x00000000c0000000, 0x00000000e0000000, 0x00000000e0000000)
  object space 524288K, 18% used [0x00000000c0000000,0x00000000c5d8c440,0x00000000e0000000)
 PSPermGen       total 83968K, used 83967K [0x00000000bae00000, 0x00000000c0000000, 0x00000000c0000000)
  object space 83968K, 99% used [0x00000000bae00000,0x00000000bfffff18,0x00000000c0000000)
Event: 713.762 GC heap after
Heap after GC invocations=66 (full 25):
 PSYoungGen      total 498688K, used 0K [0x00000000e0000000, 0x0000000100000000, 0x0000000100000000)
  eden space 474624K, 0% used [0x00000000e0000000,0x00000000e0000000,0x00000000fcf80000)
  from space 24064K, 0% used [0x00000000fcf80000,0x00000000fcf80000,0x00000000fe700000)
  to   space 22528K, 0% used [0x00000000fea00000,0x00000000fea00000,0x0000000100000000)
 ParOldGen       total 524288K, used 95793K [0x00000000c0000000, 0x00000000e0000000, 0x00000000e0000000)
  object space 524288K, 18% used [0x00000000c0000000,0x00000000c5d8c440,0x00000000e0000000)
 PSPermGen       total 83968K, used 83967K [0x00000000bae00000, 0x00000000c0000000, 0x00000000c0000000)
  object space 83968K, 99% used [0x00000000bae00000,0x00000000bfffff18,0x00000000c0000000)
}
Event: 713.762 GC heap before
{Heap before GC invocations=67 (full 26):
 PSYoungGen      total 498688K, used 0K [0x00000000e0000000, 0x0000000100000000, 0x0000000100000000)
  eden space 474624K, 0% used [0x00000000e0000000,0x00000000e0000000,0x00000000fcf80000)
  from space 24064K, 0% used [0x00000000fcf80000,0x00000000fcf80000,0x00000000fe700000)
  to   space 22528K, 0% used [0x00000000fea00000,0x00000000fea00000,0x0000000100000000)
 ParOldGen       total 524288K, used 95793K [0x00000000c0000000, 0x00000000e0000000, 0x00000000e0000000)
  object space 524288K, 18% used [0x00000000c0000000,0x00000000c5d8c440,0x00000000e0000000)
 PSPermGen       total 83968K, used 83967K [0x00000000bae00000, 0x00000000c0000000, 0x00000000c0000000)
  object space 83968K, 99% used [0x00000000bae00000,0x00000000bfffff18,0x00000000c0000000)
Event: 713.933 GC heap after
Heap after GC invocations=67 (full 26):
 PSYoungGen      total 498688K, used 0K [0x00000000e0000000, 0x0000000100000000, 0x0000000100000000)
  eden space 474624K, 0% used [0x00000000e0000000,0x00000000e0000000,0x00000000fcf80000)
  from space 24064K, 0% used [0x00000000fcf80000,0x00000000fcf80000,0x00000000fe700000)
  to   space 22528K, 0% used [0x00000000fea00000,0x00000000fea00000,0x0000000100000000)
 ParOldGen       total 524288K, used 95792K [0x00000000c0000000, 0x00000000e0000000, 0x00000000e0000000)
  object space 524288K, 18% used [0x00000000c0000000,0x00000000c5d8c3d0,0x00000000e0000000)
 PSPermGen       total 83968K, used 83967K [0x00000000bae00000, 0x00000000c0000000, 0x00000000c0000000)
  object space 83968K, 99% used [0x00000000bae00000,0x00000000bfffff18,0x00000000c0000000)
}

Deoptimization events (10 events):
Event: 706.807 Thread 0x00000000662a6000 Uncommon trap: reason=unhandled action=none pc=0x000000000a85d2b4 method=java.net.URLClassLoader$1.run()Ljava/lang/Class; @ 72
Event: 706.807 Thread 0x00000000662a6000 Uncommon trap: reason=unhandled action=none pc=0x000000000a85d2b4 method=java.net.URLClassLoader$1.run()Ljava/lang/Class; @ 72
Event: 706.807 Thread 0x00000000662a6000 Uncommon trap: reason=unhandled action=none pc=0x000000000a85d2b4 method=java.net.URLClassLoader$1.run()Ljava/lang/Class; @ 72
Event: 706.807 Thread 0x00000000662a6000 Uncommon trap: reason=unhandled action=none pc=0x000000000a85d2b4 method=java.net.URLClassLoader$1.run()Ljava/lang/Class; @ 72
Event: 706.807 Thread 0x00000000662a6000 Uncommon trap: reason=unhandled action=none pc=0x000000000a85d2b4 method=java.net.URLClassLoader$1.run()Ljava/lang/Class; @ 72
Event: 706.807 Thread 0x00000000662a6000 Uncommon trap: reason=unhandled action=none pc=0x000000000a85d2b4 method=java.net.URLClassLoader$1.run()Ljava/lang/Class; @ 72
Event: 706.808 Thread 0x00000000662a6000 Uncommon trap: reason=unhandled action=none pc=0x000000000a85d2b4 method=java.net.URLClassLoader$1.run()Ljava/lang/Class; @ 72
Event: 706.814 Thread 0x00000000662a6000 Uncommon trap: reason=unhandled action=none pc=0x000000000a85d2b4 method=java.net.URLClassLoader$1.run()Ljava/lang/Class; @ 72
Event: 706.815 Thread 0x00000000662a6000 Uncommon trap: reason=unhandled action=none pc=0x000000000a85d2b4 method=java.net.URLClassLoader$1.run()Ljava/lang/Class; @ 72
Event: 706.816 Thread 0x0000000052e9d800 Uncommon trap: reason=unhandled action=none pc=0x000000000a85d2b4 method=java.net.URLClassLoader$1.run()Ljava/lang/Class; @ 72

Internal exceptions (10 events):
Event: 706.807 Thread 0x00000000662a6000 Threw 0x00000000e0154368 at C:\re\jdk7u80\2329\hotspot\src\share\vm\prims\jvm.cpp:1319
Event: 706.807 Thread 0x00000000662a6000 Threw 0x00000000e0155ae0 at C:\re\jdk7u80\2329\hotspot\src\share\vm\prims\jvm.cpp:1319
Event: 706.807 Thread 0x00000000662a6000 Threw 0x00000000e0157018 at C:\re\jdk7u80\2329\hotspot\src\share\vm\prims\jvm.cpp:1319
Event: 706.807 Thread 0x00000000662a6000 Threw 0x00000000e0158a40 at C:\re\jdk7u80\2329\hotspot\src\share\vm\prims\jvm.cpp:1319
Event: 706.808 Thread 0x00000000662a6000 Threw 0x00000000e015a320 at C:\re\jdk7u80\2329\hotspot\src\share\vm\prims\jvm.cpp:1319
Event: 706.814 Thread 0x00000000662a6000 Threw 0x00000000e0194828 at C:\re\jdk7u80\2329\hotspot\src\share\vm\prims\jvm.cpp:1319
Event: 706.815 Thread 0x00000000662a6000 Threw 0x00000000e01a0338 at C:\re\jdk7u80\2329\hotspot\src\share\vm\prims\jvm.cpp:1319
Event: 706.816 Thread 0x00000000662a6000 Threw 0x00000000e01ad300 at C:\re\jdk7u80\2329\hotspot\src\share\vm\runtime\reflection.cpp:1030
Event: 706.816 Thread 0x0000000052e9d800 Threw 0x00000000e1119658 at C:\re\jdk7u80\2329\hotspot\src\share\vm\prims\jvm.cpp:1319
Event: 713.933 Thread 0x00000000106bd800 Threw 0x00000000baeab5a8 at C:\re\jdk7u80\2329\hotspot\src\share\vm\gc_interface/collectedHeap.inline.hpp:225

Events (10 events):
Event: 706.816 Thread 0x0000000052e9d800 DEOPT UNPACKING pc=0x000000000a6a75a4 sp=0x0000000187f5d6c8 mode 2
Event: 706.816 Thread 0x0000000052e9d800 DEOPT PACKING pc=0x000000000aa0cc38 sp=0x0000000187f5e2a0
Event: 706.816 Thread 0x0000000052e9d800 DEOPT UNPACKING pc=0x000000000a6a92b9 sp=0x0000000187f5de80 mode 1
Event: 706.834 Thread 0x00000000662a6000 Thread added: 0x00000000662a6000
Event: 712.584 Executing VM operation: ParallelGCFailedPermanentAllocation
Event: 712.757 Executing VM operation: ParallelGCFailedPermanentAllocation done
Event: 712.757 Executing VM operation: ParallelGCFailedPermanentAllocation
Event: 713.591 Executing VM operation: ParallelGCFailedPermanentAllocation done
Event: 713.591 Executing VM operation: ParallelGCFailedPermanentAllocation
Event: 713.933 Executing VM operation: ParallelGCFailedPermanentAllocation done


Dynamic libraries:
0x000000013f4a0000 - 0x000000013f4d3000 	C:\Program Files\Java\jdk1.7.0_80\bin\javaw.exe
0x0000000076fc0000 - 0x000000007715f000 	C:\Windows\SYSTEM32\ntdll.dll
0x0000000076da0000 - 0x0000000076ebf000 	C:\Windows\system32\kernel32.dll
0x000007fefcba0000 - 0x000007fefcc0a000 	C:\Windows\system32\KERNELBASE.dll
0x000007fefd6c0000 - 0x000007fefd79b000 	C:\Windows\system32\ADVAPI32.dll
0x000007fefcec0000 - 0x000007fefcf5f000 	C:\Windows\system32\msvcrt.dll
0x000007fefd7a0000 - 0x000007fefd7bf000 	C:\Windows\SYSTEM32\sechost.dll
0x000007feff0e0000 - 0x000007feff20d000 	C:\Windows\system32\RPCRT4.dll
0x0000000076ec0000 - 0x0000000076fba000 	C:\Windows\system32\USER32.dll
0x000007feff240000 - 0x000007feff2a7000 	C:\Windows\system32\GDI32.dll
0x000007fefd7c0000 - 0x000007fefd7ce000 	C:\Windows\system32\LPK.dll
0x000007fefeae0000 - 0x000007fefebab000 	C:\Windows\system32\USP10.dll
0x000007fefb1f0000 - 0x000007fefb3e4000 	C:\Windows\WinSxS\amd64_microsoft.windows.common-controls_6595b64144ccf1df_6.0.7601.18837_none_fa3b1e3d17594757\COMCTL32.dll
0x000007fefd310000 - 0x000007fefd381000 	C:\Windows\system32\SHLWAPI.dll
0x000007feff210000 - 0x000007feff23e000 	C:\Windows\system32\IMM32.DLL
0x000007fefebb0000 - 0x000007fefecb9000 	C:\Windows\system32\MSCTF.dll
0x0000000055600000 - 0x00000000556d2000 	C:\Program Files\Java\jdk1.7.0_80\jre\bin\msvcr100.dll
0x000000006dff0000 - 0x000000006e7c9000 	C:\Program Files\Java\jdk1.7.0_80\jre\bin\server\jvm.dll
0x000007fef86c0000 - 0x000007fef86c9000 	C:\Windows\system32\WSOCK32.dll
0x000007fefd220000 - 0x000007fefd26d000 	C:\Windows\system32\WS2_32.dll
0x000007fefd270000 - 0x000007fefd278000 	C:\Windows\system32\NSI.dll
0x000007fefce80000 - 0x000007fefcebb000 	C:\Windows\system32\WINMM.dll
0x0000000077170000 - 0x0000000077177000 	C:\Windows\system32\PSAPI.DLL
0x0000000073c60000 - 0x0000000073c6f000 	C:\Program Files\Java\jdk1.7.0_80\jre\bin\verify.dll
0x00000000739d0000 - 0x00000000739f8000 	C:\Program Files\Java\jdk1.7.0_80\jre\bin\java.dll
0x00000000684a0000 - 0x00000000684d5000 	C:\Program Files\Java\jdk1.7.0_80\jre\bin\jdwp.dll
0x0000000073a00000 - 0x0000000073a08000 	C:\Program Files\Java\jdk1.7.0_80\jre\bin\npt.dll
0x0000000073970000 - 0x0000000073986000 	C:\Program Files\Java\jdk1.7.0_80\jre\bin\zip.dll
0x00000000687d0000 - 0x00000000687d9000 	C:\Program Files\Java\jdk1.7.0_80\jre\bin\dt_socket.dll
0x000007fefa840000 - 0x000007fefa855000 	C:\Windows\system32\NLAapi.dll
0x000007fef89f0000 - 0x000007fef8a05000 	C:\Windows\system32\napinsp.dll
0x000007fef89d0000 - 0x000007fef89e9000 	C:\Windows\system32\pnrpnsp.dll
0x000007fefc120000 - 0x000007fefc175000 	C:\Windows\System32\mswsock.dll
0x000007fefc010000 - 0x000007fefc06b000 	C:\Windows\system32\DNSAPI.dll
0x000007fef89c0000 - 0x000007fef89cb000 	C:\Windows\System32\winrnr.dll
0x000007fef9dd0000 - 0x000007fef9df7000 	C:\Windows\system32\IPHLPAPI.DLL
0x000007fef9dc0000 - 0x000007fef9dcb000 	C:\Windows\system32\WINNSI.DLL
0x000007fef9ab0000 - 0x000007fef9b03000 	C:\Windows\System32\fwpuclnt.dll
0x000007fef89b0000 - 0x000007fef89b8000 	C:\Windows\system32\rasadhlp.dll
0x000007fefb830000 - 0x000007fefb837000 	C:\Windows\System32\wshtcpip.dll
0x0000000073b30000 - 0x0000000073b4a000 	C:\Program Files\Java\jdk1.7.0_80\jre\bin\net.dll
0x000007fefc3d0000 - 0x000007fefc3d7000 	C:\Windows\System32\wship6.dll
0x0000000073950000 - 0x0000000073961000 	C:\Program Files\Java\jdk1.7.0_80\jre\bin\nio.dll
0x000007fef9a90000 - 0x000007fef9aa1000 	C:\Windows\system32\dhcpcsvc6.DLL
0x000007fef9a70000 - 0x000007fef9a88000 	C:\Windows\system32\dhcpcsvc.DLL
0x0000000073ca0000 - 0x0000000073cab000 	C:\Program Files\Java\jdk1.7.0_80\jre\bin\management.dll
0x000007fefc230000 - 0x000007fefc248000 	C:\Windows\system32\CRYPTSP.dll
0x000007fefbf20000 - 0x000007fefbf67000 	C:\Windows\system32\rsaenh.dll
0x000007fefce60000 - 0x000007fefce7e000 	C:\Windows\system32\USERENV.dll
0x000007fefca70000 - 0x000007fefca7f000 	C:\Windows\system32\profapi.dll
0x000007fefc860000 - 0x000007fefc86f000 	C:\Windows\system32\CRYPTBASE.dll
0x000000006b6d0000 - 0x000000006b6f4000 	C:\Program Files\Java\jdk1.7.0_80\jre\bin\sunec.dll
0x0000000073aa0000 - 0x0000000073aab000 	C:\Program Files\Java\jdk1.7.0_80\jre\bin\sunmscapi.dll
0x000007fefccc0000 - 0x000007fefce2d000 	C:\Windows\system32\CRYPT32.dll
0x000007fefca60000 - 0x000007fefca6f000 	C:\Windows\system32\MSASN1.dll
0x000007fef8520000 - 0x000007fef8645000 	C:\Windows\system32\dbghelp.dll

VM Arguments:
jvm_args: -agentlib:jdwp=transport=dt_socket,suspend=y,address=localhost:59490 -Xmx1024m -Xms1024m -Xmn512m -Xss128m -Dfile.encoding=UTF-8 
java_command: com.kiiik.ZuulAuthServiceStarter
Launcher Type: SUN_STANDARD

Environment Variables:
JAVA_HOME=C:\Program Files (x86)\Java\jdk1.8.0_45
JRE_HOME=C:\Program Files (x86)\Java\jdk1.8.0_45\jre
PATH=C:\Program Files\Java\jdk1.7.0_80\jre\bin;C:\Program Files (x86)\Common Files\NetSarang;C:\Windows\system32;C:\Windows;C:\Windows\System32\Wbem;C:\Windows\System32\WindowsPowerShell\v1.0\;C:\Program Files (x86)\Common Files\ThinPrint\;C:\Program Files (x86)\Java\jdk1.8.0_45;D:\chenyb\tools\android-sdk-windows\platform-tools;D:\chenyb\tools\apache-maven-3.0.4\bin;C:\Windows\system32\config\systemprofile\.dnx\bin;C:\Program Files\Microsoft DNX\Dnvm\;C:\Program Files\Microsoft SQL Server\120\Tools\Binn\;C:\Program Files (x86)\Windows Kits\8.1\Windows Performance Toolkit\;C:\Program Files\TortoiseSVN\bin;C:\Program Files\VisualSVN Server\bin;C:\cygwin64\bin;C:\Program Files\TortoiseGit\bin;JAVA_HOME\bin;JAVA_HOME\jre\bin;C:\Program Files\MySQL\MySQL Utilities 1.6\;C:\Program Files\Git\cmd;D:\chenyb\middleware\Ruby22-x64\bin;D:\apache-tomcat-8.5.24\lib;D:\data\agent;C:\Program Files\nodejs\;C:\Program Files\nodejs\node_global;C:\Program Files (x86)\Java\jdk1.8.0_45;C:\Program Files (x86)\Java\jdk1.8.0_45/bin;C:\Users\DHUser\.dnx\bin;C:\Users\DHUser\Documents\IDM Computer Solutions\UltraEdit;C:\Program Files\DockerToolbox;C:\Program Files (x86)\Nmap;C:\Users\DHUser\AppData\Roaming\npm
USERNAME=DHUser
OS=Windows_NT
PROCESSOR_IDENTIFIER=Intel64 Family 6 Model 60 Stepping 3, GenuineIntel



---------------  S Y S T E M  ---------------

OS: Windows 7 , 64 bit Build 7601 Service Pack 1

CPU:total 4 (4 cores per cpu, 1 threads per core) family 6 model 60 stepping 3, cmov, cx8, fxsr, mmx, sse, sse2, sse3, ssse3, sse4.1, sse4.2, popcnt, avx, avx2, aes, erms, tsc, tscinvbit

Memory: 4k page, physical 12505636k(870488k free), swap 26425896k(5525532k free)

vm_info: Java HotSpot(TM) 64-Bit Server VM (24.80-b11) for windows-amd64 JRE (1.7.0_80-b15), built on Apr 10 2015 11:26:34 by "java_re" with unknown MS VC++:1600

time: Mon Nov 12 15:54:20 2018
elapsed time: 713 seconds

